[01m[K/home/xyq/Desktop/boom_ws/src/resolving/src/resolve_node.cpp:[m[K In member function â€˜[01m[Kvoid Resolve::Send(std::string, std::string)[m[Kâ€™:
[01m[K/home/xyq/Desktop/boom_ws/src/resolving/src/resolve_node.cpp:71:32:[m[K [01;35m[Kwarning: [m[Kcomparison of integer expressions of different signedness: â€˜[01m[Kint[m[Kâ€™ and â€˜[01m[Kstd::__cxx11::basic_string<char>::size_type[m[Kâ€™ {aka â€˜[01m[Klong unsigned int[m[Kâ€™} [[01;35m[K]8;;https://gcc.gnu.org/onlinedocs/gcc/Warning-Options.html#index-Wsign-compare-Wsign-compare]8;;[m[K]
   71 |                 for (int i=0; [01;35m[Ki<center_x.length()[m[K; i++) {
      |                               [01;35m[K~^~~~~~~~~~~~~~~~~~[m[K
[01m[K/home/xyq/Desktop/boom_ws/src/resolving/src/resolve_node.cpp:77:32:[m[K [01;35m[Kwarning: [m[Kcomparison of integer expressions of different signedness: â€˜[01m[Kint[m[Kâ€™ and â€˜[01m[Kstd::__cxx11::basic_string<char>::size_type[m[Kâ€™ {aka â€˜[01m[Klong unsigned int[m[Kâ€™} [[01;35m[K]8;;https://gcc.gnu.org/onlinedocs/gcc/Warning-Options.html#index-Wsign-compare-Wsign-compare]8;;[m[K]
   77 |                 for (int i=0; [01;35m[Ki<center_y.length()[m[K; i++) {
      |                               [01;35m[K~^~~~~~~~~~~~~~~~~~[m[K
[01m[K/home/xyq/Desktop/boom_ws/src/resolving/src/resolve_node.cpp:[m[K In member function â€˜[01m[Kvoid Resolve::ImageResolveCallback(const ConstSharedPtr&)[m[Kâ€™:
[01m[K/home/xyq/Desktop/boom_ws/src/resolving/src/resolve_node.cpp:127:31:[m[K [01;35m[Kwarning: [m[Kcomparison of integer expressions of different signedness: â€˜[01m[Kint[m[Kâ€™ and â€˜[01m[Kstd::vector<std::vector<cv::Point_<int> > >::size_type[m[Kâ€™ {aka â€˜[01m[Klong unsigned int[m[Kâ€™} [[01;35m[K]8;;https://gcc.gnu.org/onlinedocs/gcc/Warning-Options.html#index-Wsign-compare-Wsign-compare]8;;[m[K]
  127 |                 for (int i=0;[01;35m[Ki<contours.size()[m[K; i++) {
      |                              [01;35m[K~^~~~~~~~~~~~~~~~[m[K
[01m[K/home/xyq/Desktop/boom_ws/src/resolving/src/resolve_node.cpp:[m[K In function â€˜[01m[Kint main(int, char**)[m[Kâ€™:
[01m[K/home/xyq/Desktop/boom_ws/src/resolving/src/resolve_node.cpp:180:55:[m[K [01;31m[Kerror: [m[Kno matching function for call to â€˜[01m[Kimage_transport::ImageTransport::subscribe(const char [14], int, std::_Bind_helper<false, void (Resolve::*)(const std::shared_ptr<const sensor_msgs::msg::Image_<std::allocator<void> > >&), rclcpp::Node&, const std::_Placeholder<1>&>::type)[m[Kâ€™
  180 | e_transport::Subscriber sub = [01;31m[Kit.subscribe("/camera/image",10, std::bind(&Resolve::ImageResolveCallback, *node, std::placeholders::_1))[m[K;
      |                               [01;31m[K~~~~~~~~~~~~^~~~~~~~~~~~~~~~~~~~~~~~~~~~~~~~~~~~~~~~~~~~~~~~~~~~~~~~~~~~~~~~~~~~~~~~~~~~~~~~~~~~~~~~~~~~~[m[K

In file included from [01m[K/home/xyq/Desktop/boom_ws/src/resolving/src/resolve_node.cpp:9[m[K:
[01m[K/opt/ros/humble/include/image_transport/image_transport/image_transport.hpp:188:14:[m[K [01;36m[Knote: [m[Kcandidate: â€˜[01m[Ktemplate<class T> image_transport::Subscriber image_transport::ImageTransport::subscribe(const string&, uint32_t, void (T::*)(const ImageConstPtr&), T*, const image_transport::TransportHints*)[m[Kâ€™
  188 |   Subscriber [01;36m[Ksubscribe[m[K(
      |              [01;36m[K^~~~~~~~~[m[K
[01m[K/opt/ros/humble/include/image_transport/image_transport/image_transport.hpp:188:14:[m[K [01;36m[Knote: [m[K  template argument deduction/substitution failed:
[01m[K/home/xyq/Desktop/boom_ws/src/resolving/src/resolve_node.cpp:180:55:[m[K [01;36m[Knote: [m[K  mismatched types â€˜[01m[Kvoid (T::*)(const ImageConstPtr&)[m[Kâ€™ and â€˜[01m[Kstd::_Bind<void (Resolve::*(rclcpp::Node, std::_Placeholder<1>))(const std::shared_ptr<const sensor_msgs::msg::Image_<std::allocator<void> > >&)>[m[Kâ€™
  180 | e_transport::Subscriber sub = [01;36m[Kit.subscribe("/camera/image",10, std::bind(&Resolve::ImageResolveCallback, *node, std::placeholders::_1))[m[K;
      |                               [01;36m[K~~~~~~~~~~~~^~~~~~~~~~~~~~~~~~~~~~~~~~~~~~~~~~~~~~~~~~~~~~~~~~~~~~~~~~~~~~~~~~~~~~~~~~~~~~~~~~~~~~~~~~~~~[m[K

In file included from [01m[K/home/xyq/Desktop/boom_ws/src/resolving/src/resolve_node.cpp:9[m[K:
[01m[K/opt/ros/humble/include/image_transport/image_transport/image_transport.hpp:202:14:[m[K [01;36m[Knote: [m[Kcandidate: â€˜[01m[Ktemplate<class T> image_transport::Subscriber image_transport::ImageTransport::subscribe(const string&, uint32_t, void (T::*)(const ImageConstPtr&), T*, const image_transport::TransportHints*, rclcpp::SubscriptionOptions)[m[Kâ€™
  202 |   Subscriber [01;36m[Ksubscribe[m[K(
      |              [01;36m[K^~~~~~~~~[m[K
[01m[K/opt/ros/humble/include/image_transport/image_transport/image_transport.hpp:202:14:[m[K [01;36m[Knote: [m[K  template argument deduction/substitution failed:
[01m[K/home/xyq/Desktop/boom_ws/src/resolving/src/resolve_node.cpp:180:55:[m[K [01;36m[Knote: [m[K  mismatched types â€˜[01m[Kvoid (T::*)(const ImageConstPtr&)[m[Kâ€™ and â€˜[01m[Kstd::_Bind<void (Resolve::*(rclcpp::Node, std::_Placeholder<1>))(const std::shared_ptr<const sensor_msgs::msg::Image_<std::allocator<void> > >&)>[m[Kâ€™
  180 | e_transport::Subscriber sub = [01;36m[Kit.subscribe("/camera/image",10, std::bind(&Resolve::ImageResolveCallback, *node, std::placeholders::_1))[m[K;
      |                               [01;36m[K~~~~~~~~~~~~^~~~~~~~~~~~~~~~~~~~~~~~~~~~~~~~~~~~~~~~~~~~~~~~~~~~~~~~~~~~~~~~~~~~~~~~~~~~~~~~~~~~~~~~~~~~~[m[K

In file included from [01m[K/home/xyq/Desktop/boom_ws/src/resolving/src/resolve_node.cpp:9[m[K:
[01m[K/opt/ros/humble/include/image_transport/image_transport/image_transport.hpp:217:14:[m[K [01;36m[Knote: [m[Kcandidate: â€˜[01m[Ktemplate<class T> image_transport::Subscriber image_transport::ImageTransport::subscribe(const string&, uint32_t, void (T::*)(const ImageConstPtr&), const std::shared_ptr<_Tp>&, const image_transport::TransportHints*)[m[Kâ€™
  217 |   Subscriber [01;36m[Ksubscribe[m[K(
      |              [01;36m[K^~~~~~~~~[m[K
[01m[K/opt/ros/humble/include/image_transport/image_transport/image_transport.hpp:217:14:[m[K [01;36m[Knote: [m[K  template argument deduction/substitution failed:
[01m[K/home/xyq/Desktop/boom_ws/src/resolving/src/resolve_node.cpp:180:55:[m[K [01;36m[Knote: [m[K  mismatched types â€˜[01m[Kvoid (T::*)(const ImageConstPtr&)[m[Kâ€™ and â€˜[01m[Kstd::_Bind<void (Resolve::*(rclcpp::Node, std::_Placeholder<1>))(const std::shared_ptr<const sensor_msgs::msg::Image_<std::allocator<void> > >&)>[m[Kâ€™
  180 | e_transport::Subscriber sub = [01;36m[Kit.subscribe("/camera/image",10, std::bind(&Resolve::ImageResolveCallback, *node, std::placeholders::_1))[m[K;
      |                               [01;36m[K~~~~~~~~~~~~^~~~~~~~~~~~~~~~~~~~~~~~~~~~~~~~~~~~~~~~~~~~~~~~~~~~~~~~~~~~~~~~~~~~~~~~~~~~~~~~~~~~~~~~~~~~~[m[K

In file included from [01m[K/home/xyq/Desktop/boom_ws/src/resolving/src/resolve_node.cpp:9[m[K:
[01m[K/opt/ros/humble/include/image_transport/image_transport/image_transport.hpp:232:14:[m[K [01;36m[Knote: [m[Kcandidate: â€˜[01m[Ktemplate<class T> image_transport::Subscriber image_transport::ImageTransport::subscribe(const string&, uint32_t, void (T::*)(const ImageConstPtr&), const std::shared_ptr<_Tp>&, const image_transport::TransportHints*, rclcpp::SubscriptionOptions)[m[Kâ€™
  232 |   Subscriber [01;36m[Ksubscribe[m[K(
      |              [01;36m[K^~~~~~~~~[m[K
[01m[K/opt/ros/humble/include/image_transport/image_transport/image_transport.hpp:232:14:[m[K [01;36m[Knote: [m[K  template argument deduction/substitution failed:
[01m[K/home/xyq/Desktop/boom_ws/src/resolving/src/resolve_node.cpp:180:55:[m[K [01;36m[Knote: [m[K  mismatched types â€˜[01m[Kvoid (T::*)(const ImageConstPtr&)[m[Kâ€™ and â€˜[01m[Kstd::_Bind<void (Resolve::*(rclcpp::Node, std::_Placeholder<1>))(const std::shared_ptr<const sensor_msgs::msg::Image_<std::allocator<void> > >&)>[m[Kâ€™
  180 | e_transport::Subscriber sub = [01;36m[Kit.subscribe("/camera/image",10, std::bind(&Resolve::ImageResolveCallback, *node, std::placeholders::_1))[m[K;
      |                               [01;36m[K~~~~~~~~~~~~^~~~~~~~~~~~~~~~~~~~~~~~~~~~~~~~~~~~~~~~~~~~~~~~~~~~~~~~~~~~~~~~~~~~~~~~~~~~~~~~~~~~~~~~~~~~~[m[K

In file included from [01m[K/home/xyq/Desktop/boom_ws/src/resolving/src/resolve_node.cpp:9[m[K:
[01m[K/opt/ros/humble/include/image_transport/image_transport/image_transport.hpp:136:14:[m[K [01;36m[Knote: [m[Kcandidate: â€˜[01m[Kimage_transport::Subscriber image_transport::ImageTransport::subscribe(const string&, uint32_t, const Callback&, const VoidPtr&, const image_transport::TransportHints*)[m[Kâ€™
  136 |   Subscriber [01;36m[Ksubscribe[m[K(
      |              [01;36m[K^~~~~~~~~[m[K
[01m[K/opt/ros/humble/include/image_transport/image_transport/image_transport.hpp:138:34:[m[K [01;36m[Knote: [m[K  no known conversion for argument 3 from â€˜[01m[Kstd::_Bind_helper<false, void (Resolve::*)(const std::shared_ptr<const sensor_msgs::msg::Image_<std::allocator<void> > >&), rclcpp::Node&, const std::_Placeholder<1>&>::type[m[Kâ€™ to â€˜[01m[Kconst Callback&[m[Kâ€™ {aka â€˜[01m[Kconst std::function<void(const std::shared_ptr<const sensor_msgs::msg::Image_<std::allocator<void> > >&)>&[m[Kâ€™}
  138 |     [01;36m[Kconst Subscriber::Callback & callback[m[K,
      |     [01;36m[K~~~~~~~~~~~~~~~~~~~~~~~~~~~~~^~~~~~~~[m[K
[01m[K/opt/ros/humble/include/image_transport/image_transport/image_transport.hpp:146:14:[m[K [01;36m[Knote: [m[Kcandidate: â€˜[01m[Kimage_transport::Subscriber image_transport::ImageTransport::subscribe(const string&, uint32_t, const Callback&, const VoidPtr&, const image_transport::TransportHints*, rclcpp::SubscriptionOptions)[m[Kâ€™
  146 |   Subscriber [01;36m[Ksubscribe[m[K(
      |              [01;36m[K^~~~~~~~~[m[K
[01m[K/opt/ros/humble/include/image_transport/image_transport/image_transport.hpp:146:14:[m[K [01;36m[Knote: [m[K  candidate expects 6 arguments, 3 provided
[01m[K/opt/ros/humble/include/image_transport/image_transport/image_transport.hpp:157:14:[m[K [01;36m[Knote: [m[Kcandidate: â€˜[01m[Kimage_transport::Subscriber image_transport::ImageTransport::subscribe(const string&, uint32_t, void (*)(const ImageConstPtr&), const image_transport::TransportHints*)[m[Kâ€™
  157 |   Subscriber [01;36m[Ksubscribe[m[K(
      |              [01;36m[K^~~~~~~~~[m[K
[01m[K/opt/ros/humble/include/image_transport/image_transport/image_transport.hpp:159:13:[m[K [01;36m[Knote: [m[K  no known conversion for argument 3 from â€˜[01m[Kstd::_Bind_helper<false, void (Resolve::*)(const std::shared_ptr<const sensor_msgs::msg::Image_<std::allocator<void> > >&), rclcpp::Node&, const std::_Placeholder<1>&>::type[m[Kâ€™ to â€˜[01m[Kvoid (*)(const ImageConstPtr&)[m[Kâ€™ {aka â€˜[01m[Kvoid (*)(const std::shared_ptr<const sensor_msgs::msg::Image_<std::allocator<void> > >&)[m[Kâ€™}
  159 |     [01;36m[Kvoid (* fp)(const ImageConstPtr &)[m[K,
      |     [01;36m[K~~~~~~~~^~~~~~~~~~~~~~~~~~~~~~~~~~[m[K
[01m[K/opt/ros/humble/include/image_transport/image_transport/image_transport.hpp:172:14:[m[K [01;36m[Knote: [m[Kcandidate: â€˜[01m[Kimage_transport::Subscriber image_transport::ImageTransport::subscribe(const string&, uint32_t, void (*)(const ImageConstPtr&), const image_transport::TransportHints*, rclcpp::SubscriptionOptions)[m[Kâ€™
  172 |   Subscriber [01;36m[Ksubscribe[m[K(
      |              [01;36m[K^~~~~~~~~[m[K
[01m[K/opt/ros/humble/include/image_transport/image_transport/image_transport.hpp:172:14:[m[K [01;36m[Knote: [m[K  candidate expects 5 arguments, 3 provided
In file included from [01m[K/opt/ros/humble/include/image_transport/image_transport/subscriber.hpp:32[m[K,
                 from [01m[K/home/xyq/Desktop/boom_ws/src/resolving/src/resolve_node.cpp:2[m[K:
/usr/include/c++/11/functional: In instantiation of â€˜[01m[Kstd::_Bind<_Functor(_Bound_args ...)>::_Bind(_Functor&&, _Args&& ...) [with _Args = {rclcpp::Node&, const std::_Placeholder<1>&}; _Functor = void (Resolve::*)(const std::shared_ptr<const sensor_msgs::msg::Image_<std::allocator<void> > >&); _Bound_args = {rclcpp::Node, std::_Placeholder<1>}][m[Kâ€™:
[01m[K/usr/include/c++/11/functional:792:38:[m[K   required from â€˜[01m[Ktypename std::_Bind_helper<std::__is_socketlike<_Func>::value, _Func, _BoundArgs ...>::type std::bind(_Func&&, _BoundArgs&& ...) [with _Func = void (Resolve::*)(const std::shared_ptr<const sensor_msgs::msg::Image_<std::allocator<void> > >&); _BoundArgs = {rclcpp::Node&, const std::_Placeholder<1>&}; typename std::_Bind_helper<std::__is_socketlike<_Func>::value, _Func, _BoundArgs ...>::type = std::_Bind_helper<false, void (Resolve::*)(const std::shared_ptr<const sensor_msgs::msg::Image_<std::allocator<void> > >&), rclcpp::Node&, const std::_Placeholder<1>&>::type; std::__is_socketlike<_Func> = std::__is_socketlike<void (Resolve::*)(const std::shared_ptr<const sensor_msgs::msg::Image_<std::allocator<void> > >&), void (Resolve::*)(const std::shared_ptr<const sensor_msgs::msg::Image_<std::allocator<void> > >&)>; typename std::decay<_Tp>::type = void (Resolve::*)(const std::shared_ptr<const sensor_msgs::msg::Image_<std::allocator<void> > >&)][m[Kâ€™
[01m[K/home/xyq/Desktop/boom_ws/src/resolving/src/resolve_node.cpp:180:85:[m[K   required from here
[01m[K/usr/include/c++/11/functional:490:33:[m[K [01;31m[Kerror: [m[Kno matching function for call to â€˜[01m[Kstd::tuple<rclcpp::Node, std::_Placeholder<1> >::tuple(rclcpp::Node&, const std::_Placeholder<1>&)[m[Kâ€™
  490 |         : _M_f(std::move(__f)), [01;31m[K_M_bound_args(std::forward<_Args>(__args)...)[m[K
      |                                 [01;31m[K^~~~~~~~~~~~~~~~~~~~~~~~~~~~~~~~~~~~~~~~~~~~~[m[K
In file included from [01m[K/usr/include/c++/11/bits/unique_ptr.h:37[m[K,
                 from [01m[K/usr/include/c++/11/memory:76[m[K,
                 from [01m[K/opt/ros/humble/include/image_transport/image_transport/loader_fwds.hpp:32[m[K,
                 from [01m[K/home/xyq/Desktop/boom_ws/src/resolving/src/resolve_node.cpp:1[m[K:
[01m[K/usr/include/c++/11/tuple:1259:9:[m[K [01;36m[Knote: [m[Kcandidate: â€˜[01m[Ktemplate<class _Alloc, class _U1, class _U2, typename std::enable_if<__is_explicitly_constructible<_U1, _U2>(), bool>::type <anonymous> > std::tuple<_T1, _T2>::tuple(std::allocator_arg_t, const _Alloc&, std::pair<_U1, _U2>&&) [with _Alloc = _Alloc; _U1 = _U1; _U2 = _U2; typename std::enable_if<std::_TupleConstraints<true, _T1, _T2>::__is_explicitly_constructible<_U1, _U2>(), bool>::type <anonymous> = <anonymous>; _T1 = rclcpp::Node; _T2 = std::_Placeholder<1>][m[Kâ€™
 1259 |         [01;36m[Ktuple[m[K(allocator_arg_t __tag, const _Alloc& __a, pair<_U1, _U2>&& __in)
      |         [01;36m[K^~~~~[m[K
[01m[K/usr/include/c++/11/tuple:1259:9:[m[K [01;36m[Knote: [m[K  template argument deduction/substitution failed:
In file included from [01m[K/opt/ros/humble/include/image_transport/image_transport/subscriber.hpp:32[m[K,
                 from [01m[K/home/xyq/Desktop/boom_ws/src/resolving/src/resolve_node.cpp:2[m[K:
[01m[K/usr/include/c++/11/functional:490:33:[m[K [01;36m[Knote: [m[K  candidate expects 3 arguments, 2 provided
  490 |         : _M_f(std::move(__f)), [01;36m[K_M_bound_args(std::forward<_Args>(__args)...)[m[K
      |                                 [01;36m[K^~~~~~~~~~~~~~~~~~~~~~~~~~~~~~~~~~~~~~~~~~~~~[m[K
In file included from [01m[K/usr/include/c++/11/bits/unique_ptr.h:37[m[K,
                 from [01m[K/usr/include/c++/11/memory:76[m[K,
                 from [01m[K/opt/ros/humble/include/image_transport/image_transport/loader_fwds.hpp:32[m[K,
                 from [01m[K/home/xyq/Desktop/boom_ws/src/resolving/src/resolve_node.cpp:1[m[K:
[01m[K/usr/include/c++/11/tuple:1251:9:[m[K [01;36m[Knote: [m[Kcandidate: â€˜[01m[Ktemplate<class _Alloc, class _U1, class _U2, typename std::enable_if<__is_implicitly_constructible<_U1, _U2>(), bool>::type <anonymous> > std::tuple<_T1, _T2>::tuple(std::allocator_arg_t, const _Alloc&, std::pair<_U1, _U2>&&) [with _Alloc = _Alloc; _U1 = _U1; _U2 = _U2; typename std::enable_if<std::_TupleConstraints<true, _T1, _T2>::__is_implicitly_constructible<_U1, _U2>(), bool>::type <anonymous> = <anonymous>; _T1 = rclcpp::Node; _T2 = std::_Placeholder<1>][m[Kâ€™
 1251 |         [01;36m[Ktuple[m[K(allocator_arg_t __tag, const _Alloc& __a, pair<_U1, _U2>&& __in)
      |         [01;36m[K^~~~~[m[K
[01m[K/usr/include/c++/11/tuple:1251:9:[m[K [01;36m[Knote: [m[K  template argument deduction/substitution failed:
In file included from [01m[K/opt/ros/humble/include/image_transport/image_transport/subscriber.hpp:32[m[K,
                 from [01m[K/home/xyq/Desktop/boom_ws/src/resolving/src/resolve_node.cpp:2[m[K:
[01m[K/usr/include/c++/11/functional:490:33:[m[K [01;36m[Knote: [m[K  candidate expects 3 arguments, 2 provided
  490 |         : _M_f(std::move(__f)), [01;36m[K_M_bound_args(std::forward<_Args>(__args)...)[m[K
      |                                 [01;36m[K^~~~~~~~~~~~~~~~~~~~~~~~~~~~~~~~~~~~~~~~~~~~~[m[K
In file included from [01m[K/usr/include/c++/11/bits/unique_ptr.h:37[m[K,
                 from [01m[K/usr/include/c++/11/memory:76[m[K,
                 from [01m[K/opt/ros/humble/include/image_transport/image_transport/loader_fwds.hpp:32[m[K,
                 from [01m[K/home/xyq/Desktop/boom_ws/src/resolving/src/resolve_node.cpp:1[m[K:
[01m[K/usr/include/c++/11/tuple:1244:9:[m[K [01;36m[Knote: [m[Kcandidate: â€˜[01m[Ktemplate<class _Alloc, class _U1, class _U2, typename std::enable_if<__is_explicitly_constructible<const _U1&, const _U2&>(), bool>::type <anonymous> > std::tuple<_T1, _T2>::tuple(std::allocator_arg_t, const _Alloc&, const std::pair<_U1, _U2>&) [with _Alloc = _Alloc; _U1 = _U1; _U2 = _U2; typename std::enable_if<std::_TupleConstraints<true, _T1, _T2>::__is_explicitly_constructible<const _U1&, const _U2&>(), bool>::type <anonymous> = <anonymous>; _T1 = rclcpp::Node; _T2 = std::_Placeholder<1>][m[Kâ€™
 1244 |         [01;36m[Ktuple[m[K(allocator_arg_t __tag, const _Alloc& __a,
      |         [01;36m[K^~~~~[m[K
[01m[K/usr/include/c++/11/tuple:1244:9:[m[K [01;36m[Knote: [m[K  template argument deduction/substitution failed:
In file included from [01m[K/opt/ros/humble/include/image_transport/image_transport/subscriber.hpp:32[m[K,
                 from [01m[K/home/xyq/Desktop/boom_ws/src/resolving/src/resolve_node.cpp:2[m[K:
[01m[K/usr/include/c++/11/functional:490:33:[m[K [01;36m[Knote: [m[K  candidate expects 3 arguments, 2 provided
  490 |         : _M_f(std::move(__f)), [01;36m[K_M_bound_args(std::forward<_Args>(__args)...)[m[K
      |                                 [01;36m[K^~~~~~~~~~~~~~~~~~~~~~~~~~~~~~~~~~~~~~~~~~~~~[m[K
In file included from [01m[K/usr/include/c++/11/bits/unique_ptr.h:37[m[K,
                 from [01m[K/usr/include/c++/11/memory:76[m[K,
                 from [01m[K/opt/ros/humble/include/image_transport/image_transport/loader_fwds.hpp:32[m[K,
                 from [01m[K/home/xyq/Desktop/boom_ws/src/resolving/src/resolve_node.cpp:1[m[K:
[01m[K/usr/include/c++/11/tuple:1236:9:[m[K [01;36m[Knote: [m[Kcandidate: â€˜[01m[Ktemplate<class _Alloc, class _U1, class _U2, typename std::enable_if<__is_implicitly_constructible<const _U1&, const _U2&>(), bool>::type <anonymous> > std::tuple<_T1, _T2>::tuple(std::allocator_arg_t, const _Alloc&, const std::pair<_U1, _U2>&) [with _Alloc = _Alloc; _U1 = _U1; _U2 = _U2; typename std::enable_if<std::_TupleConstraints<true, _T1, _T2>::__is_implicitly_constructible<const _U1&, const _U2&>(), bool>::type <anonymous> = <anonymous>; _T1 = rclcpp::Node; _T2 = std::_Placeholder<1>][m[Kâ€™
 1236 |         [01;36m[Ktuple[m[K(allocator_arg_t __tag, const _Alloc& __a,
      |         [01;36m[K^~~~~[m[K
[01m[K/usr/include/c++/11/tuple:1236:9:[m[K [01;36m[Knote: [m[K  template argument deduction/substitution failed:
In file included from [01m[K/opt/ros/humble/include/image_transport/image_transport/subscriber.hpp:32[m[K,
                 from [01m[K/home/xyq/Desktop/boom_ws/src/resolving/src/resolve_node.cpp:2[m[K:
[01m[K/usr/include/c++/11/functional:490:33:[m[K [01;36m[Knote: [m[K  candidate expects 3 arguments, 2 provided
  490 |         : _M_f(std::move(__f)), [01;36m[K_M_bound_args(std::forward<_Args>(__args)...)[m[K
      |                                 [01;36m[K^~~~~~~~~~~~~~~~~~~~~~~~~~~~~~~~~~~~~~~~~~~~~[m[K
In file included from [01m[K/usr/include/c++/11/bits/unique_ptr.h:37[m[K,
                 from [01m[K/usr/include/c++/11/memory:76[m[K,
                 from [01m[K/opt/ros/humble/include/image_transport/image_transport/loader_fwds.hpp:32[m[K,
                 from [01m[K/home/xyq/Desktop/boom_ws/src/resolving/src/resolve_node.cpp:1[m[K:
[01m[K/usr/include/c++/11/tuple:1229:9:[m[K [01;36m[Knote: [m[Kcandidate: â€˜[01m[Ktemplate<class _Alloc, class _U1, class _U2, typename std::enable_if<__is_explicitly_constructible<_U1, _U2>(), bool>::type <anonymous> > std::tuple<_T1, _T2>::tuple(std::allocator_arg_t, const _Alloc&, std::tuple<_U1, _U2>&&) [with _Alloc = _Alloc; _U1 = _U1; _U2 = _U2; typename std::enable_if<std::_TupleConstraints<true, _T1, _T2>::__is_explicitly_constructible<_U1, _U2>(), bool>::type <anonymous> = <anonymous>; _T1 = rclcpp::Node; _T2 = std::_Placeholder<1>][m[Kâ€™
 1229 |         [01;36m[Ktuple[m[K(allocator_arg_t __tag, const _Alloc& __a, tuple<_U1, _U2>&& __in)
      |         [01;36m[K^~~~~[m[K
[01m[K/usr/include/c++/11/tuple:1229:9:[m[K [01;36m[Knote: [m[K  template argument deduction/substitution failed:
In file included from [01m[K/opt/ros/humble/include/image_transport/image_transport/subscriber.hpp:32[m[K,
                 from [01m[K/home/xyq/Desktop/boom_ws/src/resolving/src/resolve_node.cpp:2[m[K:
[01m[K/usr/include/c++/11/functional:490:33:[m[K [01;36m[Knote: [m[K  candidate expects 3 arguments, 2 provided
  490 |         : _M_f(std::move(__f)), [01;36m[K_M_bound_args(std::forward<_Args>(__args)...)[m[K
      |                                 [01;36m[K^~~~~~~~~~~~~~~~~~~~~~~~~~~~~~~~~~~~~~~~~~~~~[m[K
In file included from [01m[K/usr/include/c++/11/bits/unique_ptr.h:37[m[K,
                 from [01m[K/usr/include/c++/11/memory:76[m[K,
                 from [01m[K/opt/ros/humble/include/image_transport/image_transport/loader_fwds.hpp:32[m[K,
                 from [01m[K/home/xyq/Desktop/boom_ws/src/resolving/src/resolve_node.cpp:1[m[K:
[01m[K/usr/include/c++/11/tuple:1221:9:[m[K [01;36m[Knote: [m[Kcandidate: â€˜[01m[Ktemplate<class _Alloc, class _U1, class _U2, typename std::enable_if<__is_implicitly_constructible<_U1, _U2>(), bool>::type <anonymous> > std::tuple<_T1, _T2>::tuple(std::allocator_arg_t, const _Alloc&, std::tuple<_U1, _U2>&&) [with _Alloc = _Alloc; _U1 = _U1; _U2 = _U2; typename std::enable_if<std::_TupleConstraints<true, _T1, _T2>::__is_implicitly_constructible<_U1, _U2>(), bool>::type <anonymous> = <anonymous>; _T1 = rclcpp::Node; _T2 = std::_Placeholder<1>][m[Kâ€™
 1221 |         [01;36m[Ktuple[m[K(allocator_arg_t __tag, const _Alloc& __a, tuple<_U1, _U2>&& __in)
      |         [01;36m[K^~~~~[m[K
[01m[K/usr/include/c++/11/tuple:1221:9:[m[K [01;36m[Knote: [m[K  template argument deduction/substitution failed:
In file included from [01m[K/opt/ros/humble/include/image_transport/image_transport/subscriber.hpp:32[m[K,
                 from [01m[K/home/xyq/Desktop/boom_ws/src/resolving/src/resolve_node.cpp:2[m[K:
[01m[K/usr/include/c++/11/functional:490:33:[m[K [01;36m[Knote: [m[K  candidate expects 3 arguments, 2 provided
  490 |         : _M_f(std::move(__f)), [01;36m[K_M_bound_args(std::forward<_Args>(__args)...)[m[K
      |                                 [01;36m[K^~~~~~~~~~~~~~~~~~~~~~~~~~~~~~~~~~~~~~~~~~~~~[m[K
In file included from [01m[K/usr/include/c++/11/bits/unique_ptr.h:37[m[K,
                 from [01m[K/usr/include/c++/11/memory:76[m[K,
                 from [01m[K/opt/ros/humble/include/image_transport/image_transport/loader_fwds.hpp:32[m[K,
                 from [01m[K/home/xyq/Desktop/boom_ws/src/resolving/src/resolve_node.cpp:1[m[K:
[01m[K/usr/include/c++/11/tuple:1212:9:[m[K [01;36m[Knote: [m[Kcandidate: â€˜[01m[Ktemplate<class _Alloc, class _U1, class _U2, typename std::enable_if<__is_explicitly_constructible<const _U1&, const _U2&>(), bool>::type <anonymous> > std::tuple<_T1, _T2>::tuple(std::allocator_arg_t, const _Alloc&, const std::tuple<_U1, _U2>&) [with _Alloc = _Alloc; _U1 = _U1; _U2 = _U2; typename std::enable_if<std::_TupleConstraints<true, _T1, _T2>::__is_explicitly_constructible<const _U1&, const _U2&>(), bool>::type <anonymous> = <anonymous>; _T1 = rclcpp::Node; _T2 = std::_Placeholder<1>][m[Kâ€™
 1212 |         [01;36m[Ktuple[m[K(allocator_arg_t __tag, const _Alloc& __a,
      |         [01;36m[K^~~~~[m[K
[01m[K/usr/include/c++/11/tuple:1212:9:[m[K [01;36m[Knote: [m[K  template argument deduction/substitution failed:
In file included from [01m[K/opt/ros/humble/include/image_transport/image_transport/subscriber.hpp:32[m[K,
                 from [01m[K/home/xyq/Desktop/boom_ws/src/resolving/src/resolve_node.cpp:2[m[K:
[01m[K/usr/include/c++/11/functional:490:33:[m[K [01;36m[Knote: [m[K  candidate expects 3 arguments, 2 provided
  490 |         : _M_f(std::move(__f)), [01;36m[K_M_bound_args(std::forward<_Args>(__args)...)[m[K
      |                                 [01;36m[K^~~~~~~~~~~~~~~~~~~~~~~~~~~~~~~~~~~~~~~~~~~~~[m[K
In file included from [01m[K/usr/include/c++/11/bits/unique_ptr.h:37[m[K,
                 from [01m[K/usr/include/c++/11/memory:76[m[K,
                 from [01m[K/opt/ros/humble/include/image_transport/image_transport/loader_fwds.hpp:32[m[K,
                 from [01m[K/home/xyq/Desktop/boom_ws/src/resolving/src/resolve_node.cpp:1[m[K:
[01m[K/usr/include/c++/11/tuple:1202:9:[m[K [01;36m[Knote: [m[Kcandidate: â€˜[01m[Ktemplate<class _Alloc, class _U1, class _U2, typename std::enable_if<__is_implicitly_constructible<const _U1&, const _U2&>(), bool>::type <anonymous> > std::tuple<_T1, _T2>::tuple(std::allocator_arg_t, const _Alloc&, const std::tuple<_U1, _U2>&) [with _Alloc = _Alloc; _U1 = _U1; _U2 = _U2; typename std::enable_if<std::_TupleConstraints<true, _T1, _T2>::__is_implicitly_constructible<const _U1&, const _U2&>(), bool>::type <anonymous> = <anonymous>; _T1 = rclcpp::Node; _T2 = std::_Placeholder<1>][m[Kâ€™
 1202 |         [01;36m[Ktuple[m[K(allocator_arg_t __tag, const _Alloc& __a,
      |         [01;36m[K^~~~~[m[K
[01m[K/usr/include/c++/11/tuple:1202:9:[m[K [01;36m[Knote: [m[K  template argument deduction/substitution failed:
In file included from [01m[K/opt/ros/humble/include/image_transport/image_transport/subscriber.hpp:32[m[K,
                 from [01m[K/home/xyq/Desktop/boom_ws/src/resolving/src/resolve_node.cpp:2[m[K:
[01m[K/usr/include/c++/11/functional:490:33:[m[K [01;36m[Knote: [m[K  candidate expects 3 arguments, 2 provided
  490 |         : _M_f(std::move(__f)), [01;36m[K_M_bound_args(std::forward<_Args>(__args)...)[m[K
      |                                 [01;36m[K^~~~~~~~~~~~~~~~~~~~~~~~~~~~~~~~~~~~~~~~~~~~~[m[K
In file included from [01m[K/usr/include/c++/11/bits/unique_ptr.h:37[m[K,
                 from [01m[K/usr/include/c++/11/memory:76[m[K,
                 from [01m[K/opt/ros/humble/include/image_transport/image_transport/loader_fwds.hpp:32[m[K,
                 from [01m[K/home/xyq/Desktop/boom_ws/src/resolving/src/resolve_node.cpp:1[m[K:
[01m[K/usr/include/c++/11/tuple:1196:9:[m[K [01;36m[Knote: [m[Kcandidate: â€˜[01m[Ktemplate<class _Alloc> std::tuple<_T1, _T2>::tuple(std::allocator_arg_t, const _Alloc&, std::tuple<_T1, _T2>&&) [with _Alloc = _Alloc; _T1 = rclcpp::Node; _T2 = std::_Placeholder<1>][m[Kâ€™
 1196 |         [01;36m[Ktuple[m[K(allocator_arg_t __tag, const _Alloc& __a, tuple&& __in)
      |         [01;36m[K^~~~~[m[K
[01m[K/usr/include/c++/11/tuple:1196:9:[m[K [01;36m[Knote: [m[K  template argument deduction/substitution failed:
In file included from [01m[K/opt/ros/humble/include/image_transport/image_transport/subscriber.hpp:32[m[K,
                 from [01m[K/home/xyq/Desktop/boom_ws/src/resolving/src/resolve_node.cpp:2[m[K:
[01m[K/usr/include/c++/11/functional:490:33:[m[K [01;36m[Knote: [m[K  candidate expects 3 arguments, 2 provided
  490 |         : _M_f(std::move(__f)), [01;36m[K_M_bound_args(std::forward<_Args>(__args)...)[m[K
      |                                 [01;36m[K^~~~~~~~~~~~~~~~~~~~~~~~~~~~~~~~~~~~~~~~~~~~~[m[K
In file included from [01m[K/usr/include/c++/11/bits/unique_ptr.h:37[m[K,
                 from [01m[K/usr/include/c++/11/memory:76[m[K,
                 from [01m[K/opt/ros/humble/include/image_transport/image_transport/loader_fwds.hpp:32[m[K,
                 from [01m[K/home/xyq/Desktop/boom_ws/src/resolving/src/resolve_node.cpp:1[m[K:
[01m[K/usr/include/c++/11/tuple:1191:9:[m[K [01;36m[Knote: [m[Kcandidate: â€˜[01m[Ktemplate<class _Alloc> std::tuple<_T1, _T2>::tuple(std::allocator_arg_t, const _Alloc&, const std::tuple<_T1, _T2>&) [with _Alloc = _Alloc; _T1 = rclcpp::Node; _T2 = std::_Placeholder<1>][m[Kâ€™
 1191 |         [01;36m[Ktuple[m[K(allocator_arg_t __tag, const _Alloc& __a, const tuple& __in)
      |         [01;36m[K^~~~~[m[K
[01m[K/usr/include/c++/11/tuple:1191:9:[m[K [01;36m[Knote: [m[K  template argument deduction/substitution failed:
In file included from [01m[K/opt/ros/humble/include/image_transport/image_transport/subscriber.hpp:32[m[K,
                 from [01m[K/home/xyq/Desktop/boom_ws/src/resolving/src/resolve_node.cpp:2[m[K:
[01m[K/usr/include/c++/11/functional:490:33:[m[K [01;36m[Knote: [m[K  candidate expects 3 arguments, 2 provided
  490 |         : _M_f(std::move(__f)), [01;36m[K_M_bound_args(std::forward<_Args>(__args)...)[m[K
      |                                 [01;36m[K^~~~~~~~~~~~~~~~~~~~~~~~~~~~~~~~~~~~~~~~~~~~~[m[K
In file included from [01m[K/usr/include/c++/11/bits/unique_ptr.h:37[m[K,
                 from [01m[K/usr/include/c++/11/memory:76[m[K,
                 from [01m[K/opt/ros/humble/include/image_transport/image_transport/loader_fwds.hpp:32[m[K,
                 from [01m[K/home/xyq/Desktop/boom_ws/src/resolving/src/resolve_node.cpp:1[m[K:
[01m[K/usr/include/c++/11/tuple:1184:9:[m[K [01;36m[Knote: [m[Kcandidate: â€˜[01m[Ktemplate<class _Alloc, class _U1, class _U2, typename std::enable_if<__is_explicitly_constructible<_U1, _U2>(), bool>::type <anonymous> > std::tuple<_T1, _T2>::tuple(std::allocator_arg_t, const _Alloc&, _U1&&, _U2&&) [with _Alloc = _Alloc; _U1 = _U1; _U2 = _U2; typename std::enable_if<std::_TupleConstraints<true, _T1, _T2>::__is_explicitly_constructible<_U1, _U2>(), bool>::type <anonymous> = <anonymous>; _T1 = rclcpp::Node; _T2 = std::_Placeholder<1>][m[Kâ€™
 1184 |         [01;36m[Ktuple[m[K(allocator_arg_t __tag, const _Alloc& __a,
      |         [01;36m[K^~~~~[m[K
[01m[K/usr/include/c++/11/tuple:1184:9:[m[K [01;36m[Knote: [m[K  template argument deduction/substitution failed:
In file included from [01m[K/opt/ros/humble/include/image_transport/image_transport/subscriber.hpp:32[m[K,
                 from [01m[K/home/xyq/Desktop/boom_ws/src/resolving/src/resolve_node.cpp:2[m[K:
[01m[K/usr/include/c++/11/functional:490:33:[m[K [01;36m[Knote: [m[K  candidate expects 4 arguments, 2 provided
  490 |         : _M_f(std::move(__f)), [01;36m[K_M_bound_args(std::forward<_Args>(__args)...)[m[K
      |                                 [01;36m[K^~~~~~~~~~~~~~~~~~~~~~~~~~~~~~~~~~~~~~~~~~~~~[m[K
In file included from [01m[K/usr/include/c++/11/bits/unique_ptr.h:37[m[K,
                 from [01m[K/usr/include/c++/11/memory:76[m[K,
                 from [01m[K/opt/ros/humble/include/image_transport/image_transport/loader_fwds.hpp:32[m[K,
                 from [01m[K/home/xyq/Desktop/boom_ws/src/resolving/src/resolve_node.cpp:1[m[K:
[01m[K/usr/include/c++/11/tuple:1176:9:[m[K [01;36m[Knote: [m[Kcandidate: â€˜[01m[Ktemplate<class _Alloc, class _U1, class _U2, typename std::enable_if<__is_implicitly_constructible<_U1, _U2>(), bool>::type <anonymous> > std::tuple<_T1, _T2>::tuple(std::allocator_arg_t, const _Alloc&, _U1&&, _U2&&) [with _Alloc = _Alloc; _U1 = _U1; _U2 = _U2; typename std::enable_if<std::_TupleConstraints<true, _T1, _T2>::__is_implicitly_constructible<_U1, _U2>(), bool>::type <anonymous> = <anonymous>; _T1 = rclcpp::Node; _T2 = std::_Placeholder<1>][m[Kâ€™
 1176 |         [01;36m[Ktuple[m[K(allocator_arg_t __tag, const _Alloc& __a, _U1&& __a1, _U2&& __a2)
      |         [01;36m[K^~~~~[m[K
[01m[K/usr/include/c++/11/tuple:1176:9:[m[K [01;36m[Knote: [m[K  template argument deduction/substitution failed:
In file included from [01m[K/opt/ros/humble/include/image_transport/image_transport/subscriber.hpp:32[m[K,
                 from [01m[K/home/xyq/Desktop/boom_ws/src/resolving/src/resolve_node.cpp:2[m[K:
[01m[K/usr/include/c++/11/functional:490:33:[m[K [01;36m[Knote: [m[K  candidate expects 4 arguments, 2 provided
  490 |         : _M_f(std::move(__f)), [01;36m[K_M_bound_args(std::forward<_Args>(__args)...)[m[K
      |                                 [01;36m[K^~~~~~~~~~~~~~~~~~~~~~~~~~~~~~~~~~~~~~~~~~~~~[m[K
In file included from [01m[K/usr/include/c++/11/bits/unique_ptr.h:37[m[K,
                 from [01m[K/usr/include/c++/11/memory:76[m[K,
                 from [01m[K/opt/ros/humble/include/image_transport/image_transport/loader_fwds.hpp:32[m[K,
                 from [01m[K/home/xyq/Desktop/boom_ws/src/resolving/src/resolve_node.cpp:1[m[K:
[01m[K/usr/include/c++/11/tuple:1169:9:[m[K [01;36m[Knote: [m[Kcandidate: â€˜[01m[Ktemplate<class _Alloc, bool _Dummy, typename std::enable_if<std::_TupleConstraints<_Dummy, rclcpp::Node, std::_Placeholder<1> >::__is_explicitly_constructible<const Node&, const _Placeholder<1>&>(), bool>::type <anonymous> > std::tuple<_T1, _T2>::tuple(std::allocator_arg_t, const _Alloc&, const _T1&, const _T2&) [with _Alloc = _Alloc; bool _Dummy = _Dummy; typename std::enable_if<std::_TupleConstraints<_Dummy, _T1, _T2>::__is_explicitly_constructible<const _T1&, const _T2&>(), bool>::type <anonymous> = <anonymous>; _T1 = rclcpp::Node; _T2 = std::_Placeholder<1>][m[Kâ€™
 1169 |         [01;36m[Ktuple[m[K(allocator_arg_t __tag, const _Alloc& __a,
      |         [01;36m[K^~~~~[m[K
[01m[K/usr/include/c++/11/tuple:1169:9:[m[K [01;36m[Knote: [m[K  template argument deduction/substitution failed:
In file included from [01m[K/opt/ros/humble/include/image_transport/image_transport/subscriber.hpp:32[m[K,
                 from [01m[K/home/xyq/Desktop/boom_ws/src/resolving/src/resolve_node.cpp:2[m[K:
[01m[K/usr/include/c++/11/functional:490:33:[m[K [01;36m[Knote: [m[K  candidate expects 4 arguments, 2 provided
  490 |         : _M_f(std::move(__f)), [01;36m[K_M_bound_args(std::forward<_Args>(__args)...)[m[K
      |                                 [01;36m[K^~~~~~~~~~~~~~~~~~~~~~~~~~~~~~~~~~~~~~~~~~~~~[m[K
In file included from [01m[K/usr/include/c++/11/bits/unique_ptr.h:37[m[K,
                 from [01m[K/usr/include/c++/11/memory:76[m[K,
                 from [01m[K/opt/ros/humble/include/image_transport/image_transport/loader_fwds.hpp:32[m[K,
                 from [01m[K/home/xyq/Desktop/boom_ws/src/resolving/src/resolve_node.cpp:1[m[K:
[01m[K/usr/include/c++/11/tuple:1161:9:[m[K [01;36m[Knote: [m[Kcandidate: â€˜[01m[Ktemplate<class _Alloc, bool _Dummy, typename std::enable_if<std::_TupleConstraints<_Dummy, rclcpp::Node, std::_Placeholder<1> >::__is_implicitly_constructible<const Node&, const _Placeholder<1>&>(), bool>::type <anonymous> > std::tuple<_T1, _T2>::tuple(std::allocator_arg_t, const _Alloc&, const _T1&, const _T2&) [with _Alloc = _Alloc; bool _Dummy = _Dummy; typename std::enable_if<std::_TupleConstraints<_Dummy, _T1, _T2>::__is_implicitly_constructible<const _T1&, const _T2&>(), bool>::type <anonymous> = <anonymous>; _T1 = rclcpp::Node; _T2 = std::_Placeholder<1>][m[Kâ€™
 1161 |         [01;36m[Ktuple[m[K(allocator_arg_t __tag, const _Alloc& __a,
      |         [01;36m[K^~~~~[m[K
[01m[K/usr/include/c++/11/tuple:1161:9:[m[K [01;36m[Knote: [m[K  template argument deduction/substitution failed:
In file included from [01m[K/opt/ros/humble/include/image_transport/image_transport/subscriber.hpp:32[m[K,
                 from [01m[K/home/xyq/Desktop/boom_ws/src/resolving/src/resolve_node.cpp:2[m[K:
[01m[K/usr/include/c++/11/functional:490:33:[m[K [01;36m[Knote: [m[K  candidate expects 4 arguments, 2 provided
  490 |         : _M_f(std::move(__f)), [01;36m[K_M_bound_args(std::forward<_Args>(__args)...)[m[K
      |                                 [01;36m[K^~~~~~~~~~~~~~~~~~~~~~~~~~~~~~~~~~~~~~~~~~~~~[m[K
In file included from [01m[K/usr/include/c++/11/bits/unique_ptr.h:37[m[K,
                 from [01m[K/usr/include/c++/11/memory:76[m[K,
                 from [01m[K/opt/ros/humble/include/image_transport/image_transport/loader_fwds.hpp:32[m[K,
                 from [01m[K/home/xyq/Desktop/boom_ws/src/resolving/src/resolve_node.cpp:1[m[K:
[01m[K/usr/include/c++/11/tuple:1155:9:[m[K [01;36m[Knote: [m[Kcandidate: â€˜[01m[Ktemplate<class _Alloc, typename std::enable_if<std::_TupleConstraints<std::is_object<_Tp>::value, rclcpp::Node, std::_Placeholder<1> >::__is_implicitly_default_constructible(), bool>::type <anonymous> > std::tuple<_T1, _T2>::tuple(std::allocator_arg_t, const _Alloc&) [with _Alloc = _Alloc; typename std::enable_if<std::_TupleConstraints<std::is_object<_Alloc>::value, _T1, _T2>::__is_implicitly_default_constructible(), bool>::type <anonymous> = <anonymous>; _T1 = rclcpp::Node; _T2 = std::_Placeholder<1>][m[Kâ€™
 1155 |         [01;36m[Ktuple[m[K(allocator_arg_t __tag, const _Alloc& __a)
      |         [01;36m[K^~~~~[m[K
[01m[K/usr/include/c++/11/tuple:1155:9:[m[K [01;36m[Knote: [m[K  template argument deduction/substitution failed:
[01m[K/usr/include/c++/11/tuple:1153:75:[m[K [01;31m[Kerror: [m[Kno type named â€˜[01m[Ktype[m[Kâ€™ in â€˜[01m[Kstruct std::enable_if<false, bool>[m[Kâ€™
 1153 | faultCtor<is_object<_Alloc>::value, _T1, _T2> = [01;31m[Ktrue[m[K>
      |                                                 [01;31m[K^~~~[m[K

[01m[K/usr/include/c++/11/tuple:1145:9:[m[K [01;36m[Knote: [m[Kcandidate: â€˜[01m[Ktemplate<class _U1, class _U2, typename std::enable_if<__is_explicitly_constructible<_U1, _U2>(), bool>::type <anonymous> > constexpr std::tuple<_T1, _T2>::tuple(std::pair<_U1, _U2>&&) [with _U1 = _U1; _U2 = _U2; typename std::enable_if<std::_TupleConstraints<true, _T1, _T2>::__is_explicitly_constructible<_U1, _U2>(), bool>::type <anonymous> = <anonymous>; _T1 = rclcpp::Node; _T2 = std::_Placeholder<1>][m[Kâ€™
 1145 |         [01;36m[Ktuple[m[K(pair<_U1, _U2>&& __in)
      |         [01;36m[K^~~~~[m[K
[01m[K/usr/include/c++/11/tuple:1145:9:[m[K [01;36m[Knote: [m[K  template argument deduction/substitution failed:
In file included from [01m[K/opt/ros/humble/include/image_transport/image_transport/subscriber.hpp:32[m[K,
                 from [01m[K/home/xyq/Desktop/boom_ws/src/resolving/src/resolve_node.cpp:2[m[K:
[01m[K/usr/include/c++/11/functional:490:33:[m[K [01;36m[Knote: [m[K  â€˜[01m[Krclcpp::Node[m[Kâ€™ is not derived from â€˜[01m[Kstd::pair<_T1, _T2>[m[Kâ€™
  490 |         : _M_f(std::move(__f)), [01;36m[K_M_bound_args(std::forward<_Args>(__args)...)[m[K
      |                                 [01;36m[K^~~~~~~~~~~~~~~~~~~~~~~~~~~~~~~~~~~~~~~~~~~~~[m[K
In file included from [01m[K/usr/include/c++/11/bits/unique_ptr.h:37[m[K,
                 from [01m[K/usr/include/c++/11/memory:76[m[K,
                 from [01m[K/opt/ros/humble/include/image_transport/image_transport/loader_fwds.hpp:32[m[K,
                 from [01m[K/home/xyq/Desktop/boom_ws/src/resolving/src/resolve_node.cpp:1[m[K:
[01m[K/usr/include/c++/11/tuple:1137:9:[m[K [01;36m[Knote: [m[Kcandidate: â€˜[01m[Ktemplate<class _U1, class _U2, typename std::enable_if<__is_implicitly_constructible<_U1, _U2>(), bool>::type <anonymous> > constexpr std::tuple<_T1, _T2>::tuple(std::pair<_U1, _U2>&&) [with _U1 = _U1; _U2 = _U2; typename std::enable_if<std::_TupleConstraints<true, _T1, _T2>::__is_implicitly_constructible<_U1, _U2>(), bool>::type <anonymous> = <anonymous>; _T1 = rclcpp::Node; _T2 = std::_Placeholder<1>][m[Kâ€™
 1137 |         [01;36m[Ktuple[m[K(pair<_U1, _U2>&& __in)
      |         [01;36m[K^~~~~[m[K
[01m[K/usr/include/c++/11/tuple:1137:9:[m[K [01;36m[Knote: [m[K  template argument deduction/substitution failed:
In file included from [01m[K/opt/ros/humble/include/image_transport/image_transport/subscriber.hpp:32[m[K,
                 from [01m[K/home/xyq/Desktop/boom_ws/src/resolving/src/resolve_node.cpp:2[m[K:
[01m[K/usr/include/c++/11/functional:490:33:[m[K [01;36m[Knote: [m[K  â€˜[01m[Krclcpp::Node[m[Kâ€™ is not derived from â€˜[01m[Kstd::pair<_T1, _T2>[m[Kâ€™
  490 |         : _M_f(std::move(__f)), [01;36m[K_M_bound_args(std::forward<_Args>(__args)...)[m[K
      |                                 [01;36m[K^~~~~~~~~~~~~~~~~~~~~~~~~~~~~~~~~~~~~~~~~~~~~[m[K
In file included from [01m[K/usr/include/c++/11/bits/unique_ptr.h:37[m[K,
                 from [01m[K/usr/include/c++/11/memory:76[m[K,
                 from [01m[K/opt/ros/humble/include/image_transport/image_transport/loader_fwds.hpp:32[m[K,
                 from [01m[K/home/xyq/Desktop/boom_ws/src/resolving/src/resolve_node.cpp:1[m[K:
[01m[K/usr/include/c++/11/tuple:1130:9:[m[K [01;36m[Knote: [m[Kcandidate: â€˜[01m[Ktemplate<class _U1, class _U2, typename std::enable_if<__is_explicitly_constructible<const _U1&, const _U2&>(), bool>::type <anonymous> > constexpr std::tuple<_T1, _T2>::tuple(const std::pair<_U1, _U2>&) [with _U1 = _U1; _U2 = _U2; typename std::enable_if<std::_TupleConstraints<true, _T1, _T2>::__is_explicitly_constructible<const _U1&, const _U2&>(), bool>::type <anonymous> = <anonymous>; _T1 = rclcpp::Node; _T2 = std::_Placeholder<1>][m[Kâ€™
 1130 |         [01;36m[Ktuple[m[K(const pair<_U1, _U2>& __in)
      |         [01;36m[K^~~~~[m[K
[01m[K/usr/include/c++/11/tuple:1130:9:[m[K [01;36m[Knote: [m[K  template argument deduction/substitution failed:
In file included from [01m[K/opt/ros/humble/include/image_transport/image_transport/subscriber.hpp:32[m[K,
                 from [01m[K/home/xyq/Desktop/boom_ws/src/resolving/src/resolve_node.cpp:2[m[K:
[01m[K/usr/include/c++/11/functional:490:33:[m[K [01;36m[Knote: [m[K  â€˜[01m[Krclcpp::Node[m[Kâ€™ is not derived from â€˜[01m[Kconst std::pair<_T1, _T2>[m[Kâ€™
  490 |         : _M_f(std::move(__f)), [01;36m[K_M_bound_args(std::forward<_Args>(__args)...)[m[K
      |                                 [01;36m[K^~~~~~~~~~~~~~~~~~~~~~~~~~~~~~~~~~~~~~~~~~~~~[m[K
In file included from [01m[K/usr/include/c++/11/bits/unique_ptr.h:37[m[K,
                 from [01m[K/usr/include/c++/11/memory:76[m[K,
                 from [01m[K/opt/ros/humble/include/image_transport/image_transport/loader_fwds.hpp:32[m[K,
                 from [01m[K/home/xyq/Desktop/boom_ws/src/resolving/src/resolve_node.cpp:1[m[K:
[01m[K/usr/include/c++/11/tuple:1123:9:[m[K [01;36m[Knote: [m[Kcandidate: â€˜[01m[Ktemplate<class _U1, class _U2, typename std::enable_if<__is_implicitly_constructible<const _U1&, const _U2&>(), bool>::type <anonymous> > constexpr std::tuple<_T1, _T2>::tuple(const std::pair<_U1, _U2>&) [with _U1 = _U1; _U2 = _U2; typename std::enable_if<std::_TupleConstraints<true, _T1, _T2>::__is_implicitly_constructible<const _U1&, const _U2&>(), bool>::type <anonymous> = <anonymous>; _T1 = rclcpp::Node; _T2 = std::_Placeholder<1>][m[Kâ€™
 1123 |         [01;36m[Ktuple[m[K(const pair<_U1, _U2>& __in)
      |         [01;36m[K^~~~~[m[K
[01m[K/usr/include/c++/11/tuple:1123:9:[m[K [01;36m[Knote: [m[K  template argument deduction/substitution failed:
In file included from [01m[K/opt/ros/humble/include/image_transport/image_transport/subscriber.hpp:32[m[K,
                 from [01m[K/home/xyq/Desktop/boom_ws/src/resolving/src/resolve_node.cpp:2[m[K:
[01m[K/usr/include/c++/11/functional:490:33:[m[K [01;36m[Knote: [m[K  â€˜[01m[Krclcpp::Node[m[Kâ€™ is not derived from â€˜[01m[Kconst std::pair<_T1, _T2>[m[Kâ€™
  490 |         : _M_f(std::move(__f)), [01;36m[K_M_bound_args(std::forward<_Args>(__args)...)[m[K
      |                                 [01;36m[K^~~~~~~~~~~~~~~~~~~~~~~~~~~~~~~~~~~~~~~~~~~~~[m[K
In file included from [01m[K/usr/include/c++/11/bits/unique_ptr.h:37[m[K,
                 from [01m[K/usr/include/c++/11/memory:76[m[K,
                 from [01m[K/opt/ros/humble/include/image_transport/image_transport/loader_fwds.hpp:32[m[K,
                 from [01m[K/home/xyq/Desktop/boom_ws/src/resolving/src/resolve_node.cpp:1[m[K:
[01m[K/usr/include/c++/11/tuple:1116:9:[m[K [01;36m[Knote: [m[Kcandidate: â€˜[01m[Ktemplate<class _U1, class _U2, typename std::enable_if<__is_explicitly_constructible<_U1, _U2>(), bool>::type <anonymous> > constexpr std::tuple<_T1, _T2>::tuple(std::tuple<_U1, _U2>&&) [with _U1 = _U1; _U2 = _U2; typename std::enable_if<std::_TupleConstraints<true, _T1, _T2>::__is_explicitly_constructible<_U1, _U2>(), bool>::type <anonymous> = <anonymous>; _T1 = rclcpp::Node; _T2 = std::_Placeholder<1>][m[Kâ€™
 1116 |         [01;36m[Ktuple[m[K(tuple<_U1, _U2>&& __in)
      |         [01;36m[K^~~~~[m[K
[01m[K/usr/include/c++/11/tuple:1116:9:[m[K [01;36m[Knote: [m[K  template argument deduction/substitution failed:
In file included from [01m[K/opt/ros/humble/include/image_transport/image_transport/subscriber.hpp:32[m[K,
                 from [01m[K/home/xyq/Desktop/boom_ws/src/resolving/src/resolve_node.cpp:2[m[K:
[01m[K/usr/include/c++/11/functional:490:33:[m[K [01;36m[Knote: [m[K  â€˜[01m[Krclcpp::Node[m[Kâ€™ is not derived from â€˜[01m[Kstd::tuple<_T1, _T2>[m[Kâ€™
  490 |         : _M_f(std::move(__f)), [01;36m[K_M_bound_args(std::forward<_Args>(__args)...)[m[K
      |                                 [01;36m[K^~~~~~~~~~~~~~~~~~~~~~~~~~~~~~~~~~~~~~~~~~~~~[m[K
In file included from [01m[K/usr/include/c++/11/bits/unique_ptr.h:37[m[K,
                 from [01m[K/usr/include/c++/11/memory:76[m[K,
                 from [01m[K/opt/ros/humble/include/image_transport/image_transport/loader_fwds.hpp:32[m[K,
                 from [01m[K/home/xyq/Desktop/boom_ws/src/resolving/src/resolve_node.cpp:1[m[K:
[01m[K/usr/include/c++/11/tuple:1109:9:[m[K [01;36m[Knote: [m[Kcandidate: â€˜[01m[Ktemplate<class _U1, class _U2, typename std::enable_if<__is_implicitly_constructible<_U1, _U2>(), bool>::type <anonymous> > constexpr std::tuple<_T1, _T2>::tuple(std::tuple<_U1, _U2>&&) [with _U1 = _U1; _U2 = _U2; typename std::enable_if<std::_TupleConstraints<true, _T1, _T2>::__is_implicitly_constructible<_U1, _U2>(), bool>::type <anonymous> = <anonymous>; _T1 = rclcpp::Node; _T2 = std::_Placeholder<1>][m[Kâ€™
 1109 |         [01;36m[Ktuple[m[K(tuple<_U1, _U2>&& __in)
      |         [01;36m[K^~~~~[m[K
[01m[K/usr/include/c++/11/tuple:1109:9:[m[K [01;36m[Knote: [m[K  template argument deduction/substitution failed:
In file included from [01m[K/opt/ros/humble/include/image_transport/image_transport/subscriber.hpp:32[m[K,
                 from [01m[K/home/xyq/Desktop/boom_ws/src/resolving/src/resolve_node.cpp:2[m[K:
[01m[K/usr/include/c++/11/functional:490:33:[m[K [01;36m[Knote: [m[K  â€˜[01m[Krclcpp::Node[m[Kâ€™ is not derived from â€˜[01m[Kstd::tuple<_T1, _T2>[m[Kâ€™
  490 |         : _M_f(std::move(__f)), [01;36m[K_M_bound_args(std::forward<_Args>(__args)...)[m[K
      |                                 [01;36m[K^~~~~~~~~~~~~~~~~~~~~~~~~~~~~~~~~~~~~~~~~~~~~[m[K
In file included from [01m[K/usr/include/c++/11/bits/unique_ptr.h:37[m[K,
                 from [01m[K/usr/include/c++/11/memory:76[m[K,
                 from [01m[K/opt/ros/humble/include/image_transport/image_transport/loader_fwds.hpp:32[m[K,
                 from [01m[K/home/xyq/Desktop/boom_ws/src/resolving/src/resolve_node.cpp:1[m[K:
[01m[K/usr/include/c++/11/tuple:1102:9:[m[K [01;36m[Knote: [m[Kcandidate: â€˜[01m[Ktemplate<class _U1, class _U2, typename std::enable_if<__is_explicitly_constructible<const _U1&, const _U2&>(), bool>::type <anonymous> > constexpr std::tuple<_T1, _T2>::tuple(const std::tuple<_U1, _U2>&) [with _U1 = _U1; _U2 = _U2; typename std::enable_if<std::_TupleConstraints<true, _T1, _T2>::__is_explicitly_constructible<const _U1&, const _U2&>(), bool>::type <anonymous> = <anonymous>; _T1 = rclcpp::Node; _T2 = std::_Placeholder<1>][m[Kâ€™
 1102 |         [01;36m[Ktuple[m[K(const tuple<_U1, _U2>& __in)
      |         [01;36m[K^~~~~[m[K
[01m[K/usr/include/c++/11/tuple:1102:9:[m[K [01;36m[Knote: [m[K  template argument deduction/substitution failed:
In file included from [01m[K/opt/ros/humble/include/image_transport/image_transport/subscriber.hpp:32[m[K,
                 from [01m[K/home/xyq/Desktop/boom_ws/src/resolving/src/resolve_node.cpp:2[m[K:
[01m[K/usr/include/c++/11/functional:490:33:[m[K [01;36m[Knote: [m[K  â€˜[01m[Krclcpp::Node[m[Kâ€™ is not derived from â€˜[01m[Kconst std::tuple<_T1, _T2>[m[Kâ€™
  490 |         : _M_f(std::move(__f)), [01;36m[K_M_bound_args(std::forward<_Args>(__args)...)[m[K
      |                                 [01;36m[K^~~~~~~~~~~~~~~~~~~~~~~~~~~~~~~~~~~~~~~~~~~~~[m[K
In file included from [01m[K/usr/include/c++/11/bits/unique_ptr.h:37[m[K,
                 from [01m[K/usr/include/c++/11/memory:76[m[K,
                 from [01m[K/opt/ros/humble/include/image_transport/image_transport/loader_fwds.hpp:32[m[K,
                 from [01m[K/home/xyq/Desktop/boom_ws/src/resolving/src/resolve_node.cpp:1[m[K:
[01m[K/usr/include/c++/11/tuple:1095:9:[m[K [01;36m[Knote: [m[Kcandidate: â€˜[01m[Ktemplate<class _U1, class _U2, typename std::enable_if<__is_implicitly_constructible<const _U1&, const _U2&>(), bool>::type <anonymous> > constexpr std::tuple<_T1, _T2>::tuple(const std::tuple<_U1, _U2>&) [with _U1 = _U1; _U2 = _U2; typename std::enable_if<std::_TupleConstraints<true, _T1, _T2>::__is_implicitly_constructible<const _U1&, const _U2&>(), bool>::type <anonymous> = <anonymous>; _T1 = rclcpp::Node; _T2 = std::_Placeholder<1>][m[Kâ€™
 1095 |         [01;36m[Ktuple[m[K(const tuple<_U1, _U2>& __in)
      |         [01;36m[K^~~~~[m[K
[01m[K/usr/include/c++/11/tuple:1095:9:[m[K [01;36m[Knote: [m[K  template argument deduction/substitution failed:
In file included from [01m[K/opt/ros/humble/include/image_transport/image_transport/subscriber.hpp:32[m[K,
                 from [01m[K/home/xyq/Desktop/boom_ws/src/resolving/src/resolve_node.cpp:2[m[K:
[01m[K/usr/include/c++/11/functional:490:33:[m[K [01;36m[Knote: [m[K  â€˜[01m[Krclcpp::Node[m[Kâ€™ is not derived from â€˜[01m[Kconst std::tuple<_T1, _T2>[m[Kâ€™
  490 |         : _M_f(std::move(__f)), [01;36m[K_M_bound_args(std::forward<_Args>(__args)...)[m[K
      |                                 [01;36m[K^~~~~~~~~~~~~~~~~~~~~~~~~~~~~~~~~~~~~~~~~~~~~[m[K
In file included from [01m[K/usr/include/c++/11/bits/unique_ptr.h:37[m[K,
                 from [01m[K/usr/include/c++/11/memory:76[m[K,
                 from [01m[K/opt/ros/humble/include/image_transport/image_transport/loader_fwds.hpp:32[m[K,
                 from [01m[K/home/xyq/Desktop/boom_ws/src/resolving/src/resolve_node.cpp:1[m[K:
[01m[K/usr/include/c++/11/tuple:1084:9:[m[K [01;36m[Knote: [m[Kcandidate: â€˜[01m[Ktemplate<class _U1, class _U2, typename std::enable_if<std::_TupleConstraints<(! __is_alloc_arg<_U1>()), rclcpp::Node, std::_Placeholder<1> >::__is_explicitly_constructible<_U1, _U2>(), bool>::type <anonymous> > constexpr std::tuple<_T1, _T2>::tuple(_U1&&, _U2&&) [with _U1 = _U1; _U2 = _U2; typename std::enable_if<std::_TupleConstraints<(! __is_alloc_arg<_U1>()), _T1, _T2>::__is_explicitly_constructible<_U1, _U2>(), bool>::type <anonymous> = <anonymous>; _T1 = rclcpp::Node; _T2 = std::_Placeholder<1>][m[Kâ€™
 1084 |         [01;36m[Ktuple[m[K(_U1&& __a1, _U2&& __a2)
      |         [01;36m[K^~~~~[m[K
[01m[K/usr/include/c++/11/tuple:1084:9:[m[K [01;36m[Knote: [m[K  template argument deduction/substitution failed:
[01m[K/usr/include/c++/11/tuple:1082:66:[m[K [01;31m[Kerror: [m[Kno type named â€˜[01m[Ktype[m[Kâ€™ in â€˜[01m[Kstruct std::enable_if<false, bool>[m[Kâ€™
 1082 | plicitCtor<!__is_alloc_arg<_U1>(), _U1, _U2> = [01;31m[Kfalse[m[K>
      |                                                [01;31m[K^~~~~[m[K

[01m[K/usr/include/c++/11/tuple:1077:9:[m[K [01;36m[Knote: [m[Kcandidate: â€˜[01m[Ktemplate<class _U1, class _U2, typename std::enable_if<std::_TupleConstraints<(! __is_alloc_arg<_U1>()), rclcpp::Node, std::_Placeholder<1> >::__is_implicitly_constructible<_U1, _U2>(), bool>::type <anonymous> > constexpr std::tuple<_T1, _T2>::tuple(_U1&&, _U2&&) [with _U1 = _U1; _U2 = _U2; typename std::enable_if<std::_TupleConstraints<(! __is_alloc_arg<_U1>()), _T1, _T2>::__is_implicitly_constructible<_U1, _U2>(), bool>::type <anonymous> = <anonymous>; _T1 = rclcpp::Node; _T2 = std::_Placeholder<1>][m[Kâ€™
 1077 |         [01;36m[Ktuple[m[K(_U1&& __a1, _U2&& __a2)
      |         [01;36m[K^~~~~[m[K
[01m[K/usr/include/c++/11/tuple:1077:9:[m[K [01;36m[Knote: [m[K  template argument deduction/substitution failed:
[01m[K/usr/include/c++/11/tuple:1075:66:[m[K [01;31m[Kerror: [m[Kno type named â€˜[01m[Ktype[m[Kâ€™ in â€˜[01m[Kstruct std::enable_if<false, bool>[m[Kâ€™
 1075 | mplicitCtor<!__is_alloc_arg<_U1>(), _U1, _U2> = [01;31m[Ktrue[m[K>
      |                                                 [01;31m[K^~~~[m[K

[01m[K/usr/include/c++/11/tuple:1070:9:[m[K [01;36m[Knote: [m[Kcandidate: â€˜[01m[Ktemplate<bool _Dummy, typename std::enable_if<std::_TupleConstraints<_Dummy, rclcpp::Node, std::_Placeholder<1> >::__is_explicitly_constructible<const Node&, const _Placeholder<1>&>(), bool>::type <anonymous> > constexpr std::tuple<_T1, _T2>::tuple(const _T1&, const _T2&) [with bool _Dummy = _Dummy; typename std::enable_if<std::_TupleConstraints<_Dummy, _T1, _T2>::__is_explicitly_constructible<const _T1&, const _T2&>(), bool>::type <anonymous> = <anonymous>; _T1 = rclcpp::Node; _T2 = std::_Placeholder<1>][m[Kâ€™
 1070 |         [01;36m[Ktuple[m[K(const _T1& __a1, const _T2& __a2)
      |         [01;36m[K^~~~~[m[K
[01m[K/usr/include/c++/11/tuple:1070:9:[m[K [01;36m[Knote: [m[K  template argument deduction/substitution failed:
[01m[K/usr/include/c++/11/tuple:1068:64:[m[K [01;31m[Kerror: [m[Kno type named â€˜[01m[Ktype[m[Kâ€™ in â€˜[01m[Kstruct std::enable_if<false, bool>[m[Kâ€™
 1068 | ExplicitCtor<_Dummy, const _T1&, const _T2&> = [01;31m[Kfalse[m[K>
      |                                                [01;31m[K^~~~~[m[K

[01m[K/usr/include/c++/11/tuple:1063:9:[m[K [01;36m[Knote: [m[Kcandidate: â€˜[01m[Ktemplate<bool _Dummy, typename std::enable_if<std::_TupleConstraints<_Dummy, rclcpp::Node, std::_Placeholder<1> >::__is_implicitly_constructible<const Node&, const _Placeholder<1>&>(), bool>::type <anonymous> > constexpr std::tuple<_T1, _T2>::tuple(const _T1&, const _T2&) [with bool _Dummy = _Dummy; typename std::enable_if<std::_TupleConstraints<_Dummy, _T1, _T2>::__is_implicitly_constructible<const _T1&, const _T2&>(), bool>::type <anonymous> = <anonymous>; _T1 = rclcpp::Node; _T2 = std::_Placeholder<1>][m[Kâ€™
 1063 |         [01;36m[Ktuple[m[K(const _T1& __a1, const _T2& __a2)
      |         [01;36m[K^~~~~[m[K
[01m[K/usr/include/c++/11/tuple:1063:9:[m[K [01;36m[Knote: [m[K  template argument deduction/substitution failed:
[01m[K/usr/include/c++/11/tuple:1061:64:[m[K [01;31m[Kerror: [m[Kno type named â€˜[01m[Ktype[m[Kâ€™ in â€˜[01m[Kstruct std::enable_if<false, bool>[m[Kâ€™
 1061 | _ImplicitCtor<_Dummy, const _T1&, const _T2&> = [01;31m[Ktrue[m[K>
      |                                                 [01;31m[K^~~~[m[K

[01m[K/usr/include/c++/11/tuple:1056:9:[m[K [01;36m[Knote: [m[Kcandidate: â€˜[01m[Ktemplate<bool _Dummy, typename std::enable_if<std::_TupleConstraints<_Dummy, rclcpp::Node, std::_Placeholder<1> >::__is_explicitly_default_constructible(), bool>::type <anonymous> > constexpr std::tuple<_T1, _T2>::tuple() [with bool _Dummy = _Dummy; typename std::enable_if<std::_TupleConstraints<_Dummy, _T1, _T2>::__is_explicitly_default_constructible(), bool>::type <anonymous> = <anonymous>; _T1 = rclcpp::Node; _T2 = std::_Placeholder<1>][m[Kâ€™
 1056 |         [01;36m[Ktuple[m[K()
      |         [01;36m[K^~~~~[m[K
[01m[K/usr/include/c++/11/tuple:1056:9:[m[K [01;36m[Knote: [m[K  template argument deduction/substitution failed:
In file included from [01m[K/opt/ros/humble/include/image_transport/image_transport/subscriber.hpp:32[m[K,
                 from [01m[K/home/xyq/Desktop/boom_ws/src/resolving/src/resolve_node.cpp:2[m[K:
[01m[K/usr/include/c++/11/functional:490:33:[m[K [01;36m[Knote: [m[K  candidate expects 0 arguments, 2 provided
  490 |         : _M_f(std::move(__f)), [01;36m[K_M_bound_args(std::forward<_Args>(__args)...)[m[K
      |                                 [01;36m[K^~~~~~~~~~~~~~~~~~~~~~~~~~~~~~~~~~~~~~~~~~~~~[m[K
In file included from [01m[K/usr/include/c++/11/bits/unique_ptr.h:37[m[K,
                 from [01m[K/usr/include/c++/11/memory:76[m[K,
                 from [01m[K/opt/ros/humble/include/image_transport/image_transport/loader_fwds.hpp:32[m[K,
                 from [01m[K/home/xyq/Desktop/boom_ws/src/resolving/src/resolve_node.cpp:1[m[K:
[01m[K/usr/include/c++/11/tuple:1049:9:[m[K [01;36m[Knote: [m[Kcandidate: â€˜[01m[Ktemplate<bool _Dummy, typename std::enable_if<std::_TupleConstraints<_Dummy, rclcpp::Node, std::_Placeholder<1> >::__is_implicitly_default_constructible(), bool>::type <anonymous> > constexpr std::tuple<_T1, _T2>::tuple() [with bool _Dummy = _Dummy; typename std::enable_if<std::_TupleConstraints<_Dummy, _T1, _T2>::__is_implicitly_default_constructible(), bool>::type <anonymous> = <anonymous>; _T1 = rclcpp::Node; _T2 = std::_Placeholder<1>][m[Kâ€™
 1049 |         [01;36m[Ktuple[m[K()
      |         [01;36m[K^~~~~[m[K
[01m[K/usr/include/c++/11/tuple:1049:9:[m[K [01;36m[Knote: [m[K  template argument deduction/substitution failed:
In file included from [01m[K/opt/ros/humble/include/image_transport/image_transport/subscriber.hpp:32[m[K,
                 from [01m[K/home/xyq/Desktop/boom_ws/src/resolving/src/resolve_node.cpp:2[m[K:
[01m[K/usr/include/c++/11/functional:490:33:[m[K [01;36m[Knote: [m[K  candidate expects 0 arguments, 2 provided
  490 |         : _M_f(std::move(__f)), [01;36m[K_M_bound_args(std::forward<_Args>(__args)...)[m[K
      |                                 [01;36m[K^~~~~~~~~~~~~~~~~~~~~~~~~~~~~~~~~~~~~~~~~~~~~[m[K
In file included from [01m[K/usr/include/c++/11/bits/unique_ptr.h:37[m[K,
                 from [01m[K/usr/include/c++/11/memory:76[m[K,
                 from [01m[K/opt/ros/humble/include/image_transport/image_transport/loader_fwds.hpp:32[m[K,
                 from [01m[K/home/xyq/Desktop/boom_ws/src/resolving/src/resolve_node.cpp:1[m[K:
[01m[K/usr/include/c++/11/tuple:1090:17:[m[K [01;36m[Knote: [m[Kcandidate: â€˜[01m[Kconstexpr std::tuple<_T1, _T2>::tuple(std::tuple<_T1, _T2>&&) [with _T1 = rclcpp::Node; _T2 = std::_Placeholder<1>][m[Kâ€™
 1090 |       constexpr [01;36m[Ktuple[m[K(tuple&&) = default;
      |                 [01;36m[K^~~~~[m[K
[01m[K/usr/include/c++/11/tuple:1090:17:[m[K [01;36m[Knote: [m[K  candidate expects 1 argument, 2 provided
gmake[2]: *** [CMakeFiles/resolve.dir/build.make:76ï¼šCMakeFiles/resolve.dir/src/resolve_node.cpp.o] é”™è¯¯ 1
gmake[1]: *** [CMakeFiles/Makefile2:137ï¼šCMakeFiles/resolve.dir/all] é”™è¯¯ 2
gmake: *** [Makefile:146ï¼šall] é”™è¯¯ 2
