[35m[1mConsolidate compiler generated dependencies of target resolve[0m
[ 50%] [32mBuilding CXX object CMakeFiles/resolve.dir/src/resolve_node.cpp.o[0m
[01m[K/home/xyq/Desktop/boom_ws/src/resolving/src/resolve_node.cpp:[m[K In member function â€˜[01m[Kvoid Resolve::Send(std::string, std::string)[m[Kâ€™:
[01m[K/home/xyq/Desktop/boom_ws/src/resolving/src/resolve_node.cpp:62:32:[m[K [01;35m[Kwarning: [m[Kcomparison of integer expressions of different signedness: â€˜[01m[Kint[m[Kâ€™ and â€˜[01m[Kstd::__cxx11::basic_string<char>::size_type[m[Kâ€™ {aka â€˜[01m[Klong unsigned int[m[Kâ€™} [[01;35m[K]8;;https://gcc.gnu.org/onlinedocs/gcc/Warning-Options.html#index-Wsign-compare-Wsign-compare]8;;[m[K]
   62 |                 for (int i=0; [01;35m[Ki<center_x.length()[m[K; i++) {
      |                               [01;35m[K~^~~~~~~~~~~~~~~~~~[m[K
[01m[K/home/xyq/Desktop/boom_ws/src/resolving/src/resolve_node.cpp:68:32:[m[K [01;35m[Kwarning: [m[Kcomparison of integer expressions of different signedness: â€˜[01m[Kint[m[Kâ€™ and â€˜[01m[Kstd::__cxx11::basic_string<char>::size_type[m[Kâ€™ {aka â€˜[01m[Klong unsigned int[m[Kâ€™} [[01;35m[K]8;;https://gcc.gnu.org/onlinedocs/gcc/Warning-Options.html#index-Wsign-compare-Wsign-compare]8;;[m[K]
   68 |                 for (int i=0; [01;35m[Ki<center_y.length()[m[K; i++) {
      |                               [01;35m[K~^~~~~~~~~~~~~~~~~~[m[K
[01m[K/home/xyq/Desktop/boom_ws/src/resolving/src/resolve_node.cpp:[m[K In function â€˜[01m[Kvoid ImageResolveCallback(const ConstSharedPtr&)[m[Kâ€™:
[01m[K/home/xyq/Desktop/boom_ws/src/resolving/src/resolve_node.cpp:117:9:[m[K [01;31m[Kerror: [m[Kâ€˜[01m[Ksteady_clock[m[Kâ€™ has not been declared
  117 |         [01;31m[Ksteady_clock[m[K::time_point lastTime = steady_clock::now(); // ä¸Šä¸€å¸§çš„æ—¶é—´æˆ³
      |         [01;31m[K^~~~~~~~~~~~[m[K
[01m[K/home/xyq/Desktop/boom_ws/src/resolving/src/resolve_node.cpp:150:23:[m[K [01;35m[Kwarning: [m[Kcomparison of integer expressions of different signedness: â€˜[01m[Kint[m[Kâ€™ and â€˜[01m[Kstd::vector<std::vector<cv::Point_<int> > >::size_type[m[Kâ€™ {aka â€˜[01m[Klong unsigned int[m[Kâ€™} [[01;35m[K]8;;https://gcc.gnu.org/onlinedocs/gcc/Warning-Options.html#index-Wsign-compare-Wsign-compare]8;;[m[K]
  150 |         for (int i=0;[01;35m[Ki<contours.size()[m[K; i++) {
      |                      [01;35m[K~^~~~~~~~~~~~~~~~[m[K
[01m[K/home/xyq/Desktop/boom_ws/src/resolving/src/resolve_node.cpp:189:9:[m[K [01;31m[Kerror: [m[Kâ€˜[01m[Ksteady_clock[m[Kâ€™ has not been declared
  189 |         [01;31m[Ksteady_clock[m[K::time_point currentTime = steady_clock::now();
      |         [01;31m[K^~~~~~~~~~~~[m[K
[01m[K/home/xyq/Desktop/boom_ws/src/resolving/src/resolve_node.cpp:190:30:[m[K [01;31m[Kerror: [m[Kâ€˜[01m[Kduration_cast[m[Kâ€™ was not declared in this scope
  190 |         double elapsedTime = [01;31m[Kduration_cast[m[K<duration<double>>(currentTime - lastTime).count();
      |                              [01;31m[K^~~~~~~~~~~~~[m[K
[01m[K/home/xyq/Desktop/boom_ws/src/resolving/src/resolve_node.cpp:190:30:[m[K [01;36m[Knote: [m[Ksuggested alternatives:
In file included from [01m[K/usr/include/c++/11/condition_variable:38[m[K,
                 from [01m[K/opt/ros/humble/include/rclcpp/rclcpp/node.hpp:19[m[K,
                 from [01m[K/opt/ros/humble/include/image_transport/image_transport/subscriber.hpp:36[m[K,
                 from [01m[K/home/xyq/Desktop/boom_ws/src/resolving/src/resolve_node.cpp:2[m[K:
[01m[K/usr/include/c++/11/chrono:267:7:[m[K [01;36m[Knote: [m[K  â€˜[01m[Kstd::chrono::duration_cast[m[Kâ€™
  267 |       [01;36m[Kduration_cast[m[K(const duration<_Rep, _Period>& __d)
      |       [01;36m[K^~~~~~~~~~~~~[m[K
[01m[K/usr/include/c++/11/chrono:267:7:[m[K [01;36m[Knote: [m[K  â€˜[01m[Kstd::chrono::duration_cast[m[Kâ€™
[01m[K/home/xyq/Desktop/boom_ws/src/resolving/src/resolve_node.cpp:190:44:[m[K [01;31m[Kerror: [m[Kâ€˜[01m[Kduration[m[Kâ€™ was not declared in this scope
  190 |        double elapsedTime = duration_cast<[01;31m[Kduration[m[K<double>>(currentTime - lastTime).count();
      |                                           [01;31m[K^~~~~~~~[m[K

[01m[K/home/xyq/Desktop/boom_ws/src/resolving/src/resolve_node.cpp:190:44:[m[K [01;36m[Knote: [m[Ksuggested alternatives:
In file included from [01m[K/usr/include/c++/11/condition_variable:38[m[K,
                 from [01m[K/opt/ros/humble/include/rclcpp/rclcpp/node.hpp:19[m[K,
                 from [01m[K/opt/ros/humble/include/image_transport/image_transport/subscriber.hpp:36[m[K,
                 from [01m[K/home/xyq/Desktop/boom_ws/src/resolving/src/resolve_node.cpp:2[m[K:
[01m[K/usr/include/c++/11/chrono:77:14:[m[K [01;36m[Knote: [m[K  â€˜[01m[Kstd::chrono::duration[m[Kâ€™
   77 |       struct [01;36m[Kduration[m[K;
      |              [01;36m[K^~~~~~~~[m[K
[01m[K/usr/include/c++/11/chrono:77:14:[m[K [01;36m[Knote: [m[K  â€˜[01m[Kstd::chrono::duration[m[Kâ€™
[01m[K/home/xyq/Desktop/boom_ws/src/resolving/src/resolve_node.cpp:190:53:[m[K [01;31m[Kerror: [m[Kexpected primary-expression before â€˜[01m[Kdouble[m[Kâ€™
  190 | uble elapsedTime = duration_cast<duration<[01;31m[Kdouble[m[K>>(currentTime - lastTime).count();
      |                                           [01;31m[K^~~~~~[m[K

[01m[K/home/xyq/Desktop/boom_ws/src/resolving/src/resolve_node.cpp:200:37:[m[K [01;31m[Kerror: [m[Kâ€˜[01m[Kmilliseconds[m[Kâ€™ was not declared in this scope; did you mean â€˜[01m[Kstd::chrono::milliseconds[m[Kâ€™?
  200 |         std::this_thread::sleep_for([01;31m[Kmilliseconds[m[K(16)); // å¤§çº¦60 FPS
      |                                     [01;31m[K^~~~~~~~~~~~[m[K
      |                                     [32m[Kstd::chrono::milliseconds[m[K
In file included from [01m[K/usr/include/c++/11/condition_variable:38[m[K,
                 from [01m[K/opt/ros/humble/include/rclcpp/rclcpp/node.hpp:19[m[K,
                 from [01m[K/opt/ros/humble/include/image_transport/image_transport/subscriber.hpp:36[m[K,
                 from [01m[K/home/xyq/Desktop/boom_ws/src/resolving/src/resolve_node.cpp:2[m[K:
[01m[K/usr/include/c++/11/chrono:844:11:[m[K [01;36m[Knote: [m[Kâ€˜[01m[Kstd::chrono::milliseconds[m[Kâ€™ declared here
  844 |     using [01;36m[Kmilliseconds[m[K  = duration<_GLIBCXX_CHRONO_INT64_T, milli>;
      |           [01;36m[K^~~~~~~~~~~~[m[K
[01m[K/home/xyq/Desktop/boom_ws/src/resolving/src/resolve_node.cpp:202:26:[m[K [01;31m[Kerror: [m[Kunable to find string literal operator â€˜[01m[Koperator""std[m[Kâ€™ with â€˜[01m[Kconst char [6][m[Kâ€™, â€˜[01m[Klong unsigned int[m[Kâ€™ arguments
  202 |         cv::putText(img, [01;31m[K"FPS: "std[m[K::to_string(fps), cv::Point(25, 100), cv::FONT_HERSHEY_DUPLEX, 0.6, cv::Scalar(0, 0, 255);
      |                          [01;31m[K^~~~~~~~~~[m[K
[01m[K/home/xyq/Desktop/boom_ws/src/resolving/src/resolve_node.cpp:202:125:[m[K [01;31m[Kerror: [m[Kexpected â€˜[01m[K)[m[Kâ€™ before â€˜[01m[K;[m[Kâ€™ token
  202 |  cv::FONT_HERSHEY_DUPLEX, 0.6, cv::Scalar(0, 0, 255)[01;31m[K;[m[K
      |                                                     [01;31m[K^[m[K
      |                                                     [32m[K)[m[K
[01m[K/home/xyq/Desktop/boom_ws/src/resolving/src/resolve_node.cpp:203:1:[m[K [01;31m[Kerror: [m[Kexpected primary-expression before â€˜[01m[K)[m[Kâ€™ token
  203 | [01;31m[K)[m[K
      | [01;31m[K^[m[K
[01m[K/home/xyq/Desktop/boom_ws/src/resolving/src/resolve_node.cpp:115:13:[m[K [01;35m[Kwarning: [m[Kunused variable â€˜[01m[KframeCount[m[Kâ€™ [[01;35m[K]8;;https://gcc.gnu.org/onlinedocs/gcc/Warning-Options.html#index-Wunused-variable-Wunused-variable]8;;[m[K]
  115 |         int [01;35m[KframeCount[m[K = 0; // å¸§è®¡æ•°
      |             [01;35m[K^~~~~~~~~~[m[K
gmake[2]: *** [CMakeFiles/resolve.dir/build.make:76ï¼šCMakeFiles/resolve.dir/src/resolve_node.cpp.o] é”™è¯¯ 1
gmake[1]: *** [CMakeFiles/Makefile2:137ï¼šCMakeFiles/resolve.dir/all] é”™è¯¯ 2
gmake: *** [Makefile:146ï¼šall] é”™è¯¯ 2
