[0.012s] Invoking command in '/home/xyq/Desktop/boom_ws/build/resolve': CMAKE_PREFIX_PATH=/home/xyq/Desktop/boom_ws/install/vision_interfaces:/home/xyq/Desktop/boom_ws/install/serial:/home/xyq/Desktop/boom_ws/install/resolve:/home/xyq/Desktop/boom_ws/install/hik_camera_ros2_driver:/home/xyq/Desktop/boom_ws/install/display:/opt/ros/humble LD_LIBRARY_PATH=/home/xyq/Desktop/boom_ws/install/vision_interfaces/lib:/home/xyq/env/TensorRT-10.5.0.18.Linux.x86_64-gnu.cuda-12.6/TensorRT-10.5.0.18/lib/nvonnxparser:/home/xyq/env/TensorRT-10.5.0.18.Linux.x86_64-gnu.cuda-12.6/TensorRT-10.5.0.18/lib:/home/xyq/Desktop/boom_ws/install/hik_camera_ros2_driver/lib:/opt/MVS/lib/64:/opt/MVS/lib/32:/opt/MVS/lib/64:/opt/MVS/lib/32:/home/xyq/env/TensorRT-10.5.0.18.Linux.x86_64-gnu.cuda-12.6/TensorRT-10.5.0.18/lib/nvonnxparser:/home/xyq/env/TensorRT-10.5.0.18.Linux.x86_64-gnu.cuda-12.6/TensorRT-10.5.0.18/lib:/opt/ros/humble/opt/rviz_ogre_vendor/lib:/opt/ros/humble/lib/x86_64-linux-gnu:/opt/ros/humble/lib:/opt/MVS/lib/64:/opt/MVS/lib/32:/tmp/.mount_cursorJLXbVl/usr/lib:/opt/MVS/lib/64:/opt/MVS/lib/32:/opt/MVS/lib/64:/opt/MVS/lib/32 /usr/bin/cmake --build /home/xyq/Desktop/boom_ws/build/resolve -- -j20 -l20
[0.067s] [35m[1mConsolidate compiler generated dependencies of target resolve[0m
[0.082s] [ 50%] [32mBuilding CXX object CMakeFiles/resolve.dir/src/resolve_node.cpp.o[0m
[2.117s] [01m[K/home/xyq/Desktop/boom_ws/src/resolving/src/resolve_node.cpp:[m[K In constructor â€˜[01m[KResolve::Resolve(std::string)[m[Kâ€™:
[2.117s] [01m[K/home/xyq/Desktop/boom_ws/src/resolving/src/resolve_node.cpp:62:44:[m[K [01;31m[Kerror: [m[Kâ€˜[01m[Knode[m[Kâ€™ was not declared in this scope; did you mean â€˜[01m[KNode[m[Kâ€™?
[2.117s]    62 | e_transport::ImageTransport it([01;31m[Knode[m[K);
[2.117s]       |                                [01;31m[K^~~~[m[K
[2.117s]       |                                [32m[KNode[m[K
[2.123s] [01m[K/home/xyq/Desktop/boom_ws/src/resolving/src/resolve_node.cpp:[m[K In member function â€˜[01m[Kvoid Resolve::Send(std::string, std::string)[m[Kâ€™:
[2.123s] [01m[K/home/xyq/Desktop/boom_ws/src/resolving/src/resolve_node.cpp:72:32:[m[K [01;35m[Kwarning: [m[Kcomparison of integer expressions of different signedness: â€˜[01m[Kint[m[Kâ€™ and â€˜[01m[Kstd::__cxx11::basic_string<char>::size_type[m[Kâ€™ {aka â€˜[01m[Klong unsigned int[m[Kâ€™} [[01;35m[K]8;;https://gcc.gnu.org/onlinedocs/gcc/Warning-Options.html#index-Wsign-compare-Wsign-compare]8;;[m[K]
[2.123s]    72 |            for (int i=0; [01;35m[Ki<center_x.length()[m[K; i++) {
[2.123s]       |                          [01;35m[K~^~~~~~~~~~~~~~~~~~[m[K
[2.123s] 
[2.124s] [01m[K/home/xyq/Desktop/boom_ws/src/resolving/src/resolve_node.cpp:78:32:[m[K [01;35m[Kwarning: [m[Kcomparison of integer expressions of different signedness: â€˜[01m[Kint[m[Kâ€™ and â€˜[01m[Kstd::__cxx11::basic_string<char>::size_type[m[Kâ€™ {aka â€˜[01m[Klong unsigned int[m[Kâ€™} [[01;35m[K]8;;https://gcc.gnu.org/onlinedocs/gcc/Warning-Options.html#index-Wsign-compare-Wsign-compare]8;;[m[K]
[2.124s]    78 |            for (int i=0; [01;35m[Ki<center_y.length()[m[K; i++) {
[2.124s]       |                          [01;35m[K~^~~~~~~~~~~~~~~~~~[m[K
[2.124s] 
[2.131s] [01m[K/home/xyq/Desktop/boom_ws/src/resolving/src/resolve_node.cpp:[m[K In member function â€˜[01m[Kvoid Resolve::ImageResolveCallback(const ConstSharedPtr&)[m[Kâ€™:
[2.131s] [01m[K/home/xyq/Desktop/boom_ws/src/resolving/src/resolve_node.cpp:128:31:[m[K [01;35m[Kwarning: [m[Kcomparison of integer expressions of different signedness: â€˜[01m[Kint[m[Kâ€™ and â€˜[01m[Kstd::vector<std::vector<cv::Point_<int> > >::size_type[m[Kâ€™ {aka â€˜[01m[Klong unsigned int[m[Kâ€™} [[01;35m[K]8;;https://gcc.gnu.org/onlinedocs/gcc/Warning-Options.html#index-Wsign-compare-Wsign-compare]8;;[m[K]
[2.131s]   128 |             for (int i=0;[01;35m[Ki<contours.size()[m[K; i++) {
[2.131s]       |                          [01;35m[K~^~~~~~~~~~~~~~~~[m[K
[2.131s] 
[2.860s] gmake[2]: *** [CMakeFiles/resolve.dir/build.make:76ï¼šCMakeFiles/resolve.dir/src/resolve_node.cpp.o] é”™è¯¯ 1
[2.860s] gmake[1]: *** [CMakeFiles/Makefile2:137ï¼šCMakeFiles/resolve.dir/all] é”™è¯¯ 2
[2.860s] gmake: *** [Makefile:146ï¼šall] é”™è¯¯ 2
[2.862s] Invoked command in '/home/xyq/Desktop/boom_ws/build/resolve' returned '2': CMAKE_PREFIX_PATH=/home/xyq/Desktop/boom_ws/install/vision_interfaces:/home/xyq/Desktop/boom_ws/install/serial:/home/xyq/Desktop/boom_ws/install/resolve:/home/xyq/Desktop/boom_ws/install/hik_camera_ros2_driver:/home/xyq/Desktop/boom_ws/install/display:/opt/ros/humble LD_LIBRARY_PATH=/home/xyq/Desktop/boom_ws/install/vision_interfaces/lib:/home/xyq/env/TensorRT-10.5.0.18.Linux.x86_64-gnu.cuda-12.6/TensorRT-10.5.0.18/lib/nvonnxparser:/home/xyq/env/TensorRT-10.5.0.18.Linux.x86_64-gnu.cuda-12.6/TensorRT-10.5.0.18/lib:/home/xyq/Desktop/boom_ws/install/hik_camera_ros2_driver/lib:/opt/MVS/lib/64:/opt/MVS/lib/32:/opt/MVS/lib/64:/opt/MVS/lib/32:/home/xyq/env/TensorRT-10.5.0.18.Linux.x86_64-gnu.cuda-12.6/TensorRT-10.5.0.18/lib/nvonnxparser:/home/xyq/env/TensorRT-10.5.0.18.Linux.x86_64-gnu.cuda-12.6/TensorRT-10.5.0.18/lib:/opt/ros/humble/opt/rviz_ogre_vendor/lib:/opt/ros/humble/lib/x86_64-linux-gnu:/opt/ros/humble/lib:/opt/MVS/lib/64:/opt/MVS/lib/32:/tmp/.mount_cursorJLXbVl/usr/lib:/opt/MVS/lib/64:/opt/MVS/lib/32:/opt/MVS/lib/64:/opt/MVS/lib/32 /usr/bin/cmake --build /home/xyq/Desktop/boom_ws/build/resolve -- -j20 -l20
