[0.018s] Invoking command in '/home/qiqi/Desktop/boom_ws/build/serial': CMAKE_PREFIX_PATH=/home/qiqi/Desktop/boom_ws/install/vision_interfaces:/home/qiqi/Desktop/boom_ws/install/serial:/home/qiqi/Desktop/boom_ws/install/resolve:/home/qiqi/Desktop/boom_ws/install/hik_camera_ros2_driver:/home/qiqi/Desktop/boom_ws/install/display:/opt/ros/humble LD_LIBRARY_PATH=/home/qiqi/Desktop/boom_ws/install/vision_interfaces/lib:/usr/local/lib:/home/qiqi/Desktop/boom_ws/install/hik_camera_ros2_driver/lib:/opt/MVS/lib/64:/opt/MVS/lib/32:/opt/ros/humble/opt/rviz_ogre_vendor/lib:/opt/ros/humble/lib/x86_64-linux-gnu:/opt/ros/humble/lib:/opt/MVS/lib/64:/opt/MVS/lib/32:/opt/MVS/lib/64:/opt/MVS/lib/32 /usr/bin/cmake --build /home/qiqi/Desktop/boom_ws/build/serial -- -j8 -l8
[0.177s] [ 50%] [32mBuilding CXX object CMakeFiles/serial.dir/src/serial.cpp.o[0m
[4.864s] [01m[K/home/qiqi/Desktop/boom_ws/src/serial/src/serial.cpp:[m[K In constructor â€˜[01m[KSerialNode::SerialNode(const char*)[m[Kâ€™:
[4.864s] [01m[K/home/qiqi/Desktop/boom_ws/src/serial/src/serial.cpp:36:32:[m[K [01;35m[Kwarning: [m[Kunused parameter â€˜[01m[Kname[m[Kâ€™ [[01;35m[K]8;;https://gcc.gnu.org/onlinedocs/gcc/Warning-Options.html#index-Wunused-parameter-Wunused-parameter]8;;[m[K]
[4.864s]    36 |         SerialNode([01;35m[Kconst char* name[m[K): Node("serial_port_node") {
[4.864s]       |                    [01;35m[K~~~~~~~~~~~~^~~~[m[K
[4.876s] [01m[K/home/qiqi/Desktop/boom_ws/src/serial/src/serial.cpp:[m[K In member function â€˜[01m[Kvoid SerialNode::callback(vision_interfaces::msg::Uartf_<std::allocator<void> >::SharedPtr)[m[Kâ€™:
[4.876s] [01m[K/home/qiqi/Desktop/boom_ws/src/serial/src/serial.cpp:93:39:[m[K [01;31m[Kerror: [m[Kâ€˜[01m[Kfe[m[Kâ€™ was not declared in this scope
[4.876s]    93 |                 pkg.data[2] = dx32 >> [01;31m[Kfe[m[K;
[4.876s]       |                                       [01;31m[K^~[m[K
[4.883s] [01m[K/home/qiqi/Desktop/boom_ws/src/serial/src/serial.cpp:98:39:[m[K [01;31m[Kerror: [m[Kâ€˜[01m[Kff[m[Kâ€™ was not declared in this scope; did you mean â€˜[01m[Kffs[m[Kâ€™?
[4.883s]    98 |                 pkg.data[7] = dy32 >> [01;31m[Kff[m[K;
[4.883s]       |                                       [01;31m[K^~[m[K
[4.884s]       |                                       [32m[Kffs[m[K
[4.884s] [01m[K/home/qiqi/Desktop/boom_ws/src/serial/src/serial.cpp:103:35:[m[K [01;35m[Kwarning: [m[Kcomparison of integer expressions of different signedness: â€˜[01m[Kint[m[Kâ€™ and â€˜[01m[Klong unsigned int[m[Kâ€™ [[01;35m[K]8;;https://gcc.gnu.org/onlinedocs/gcc/Warning-Options.html#index-Wsign-compare-Wsign-compare]8;;[m[K]
[4.884s]   103 |                 for (int i = 0; [01;35m[Ki < sizeof(Package) - 1[m[K; i ++) {
[4.884s]       |                                 [01;35m[K~~^~~~~~~~~~~~~~~~~~~~~[m[K
[8.717s] gmake[2]: *** [CMakeFiles/serial.dir/build.make:76ï¼šCMakeFiles/serial.dir/src/serial.cpp.o] é”™è¯¯ 1
[8.717s] gmake[1]: *** [CMakeFiles/Makefile2:137ï¼šCMakeFiles/serial.dir/all] é”™è¯¯ 2
[8.717s] gmake: *** [Makefile:146ï¼šall] é”™è¯¯ 2
[8.720s] Invoked command in '/home/qiqi/Desktop/boom_ws/build/serial' returned '2': CMAKE_PREFIX_PATH=/home/qiqi/Desktop/boom_ws/install/vision_interfaces:/home/qiqi/Desktop/boom_ws/install/serial:/home/qiqi/Desktop/boom_ws/install/resolve:/home/qiqi/Desktop/boom_ws/install/hik_camera_ros2_driver:/home/qiqi/Desktop/boom_ws/install/display:/opt/ros/humble LD_LIBRARY_PATH=/home/qiqi/Desktop/boom_ws/install/vision_interfaces/lib:/usr/local/lib:/home/qiqi/Desktop/boom_ws/install/hik_camera_ros2_driver/lib:/opt/MVS/lib/64:/opt/MVS/lib/32:/opt/ros/humble/opt/rviz_ogre_vendor/lib:/opt/ros/humble/lib/x86_64-linux-gnu:/opt/ros/humble/lib:/opt/MVS/lib/64:/opt/MVS/lib/32:/opt/MVS/lib/64:/opt/MVS/lib/32 /usr/bin/cmake --build /home/qiqi/Desktop/boom_ws/build/serial -- -j8 -l8
