[0.019s] Invoking command in '/home/xyq/Desktop/boom_ws/build/serial': CMAKE_PREFIX_PATH=/home/xyq/Desktop/boom_ws/install/vision_interfaces:/home/xyq/Desktop/boom_ws/install/serial:/home/xyq/Desktop/boom_ws/install/resolve:/home/xyq/Desktop/boom_ws/install/hik_camera_ros2_driver:/home/xyq/Desktop/boom_ws/install/display:/opt/ros/humble LD_LIBRARY_PATH=/home/xyq/Desktop/boom_ws/install/vision_interfaces/lib:/home/xyq/env/TensorRT-10.5.0.18.Linux.x86_64-gnu.cuda-12.6/TensorRT-10.5.0.18/lib/nvonnxparser:/home/xyq/env/TensorRT-10.5.0.18.Linux.x86_64-gnu.cuda-12.6/TensorRT-10.5.0.18/lib:/home/xyq/Desktop/boom_ws/install/hik_camera_ros2_driver/lib:/opt/MVS/lib/64:/opt/MVS/lib/32:/opt/MVS/lib/64:/opt/MVS/lib/32:/home/xyq/env/TensorRT-10.5.0.18.Linux.x86_64-gnu.cuda-12.6/TensorRT-10.5.0.18/lib/nvonnxparser:/home/xyq/env/TensorRT-10.5.0.18.Linux.x86_64-gnu.cuda-12.6/TensorRT-10.5.0.18/lib:/opt/ros/humble/opt/rviz_ogre_vendor/lib:/opt/ros/humble/lib/x86_64-linux-gnu:/opt/ros/humble/lib:/opt/MVS/lib/64:/opt/MVS/lib/32:/tmp/.mount_cursoru3Lnor/usr/lib:/opt/MVS/lib/64:/opt/MVS/lib/32:/opt/MVS/lib/64:/opt/MVS/lib/32 /usr/bin/cmake --build /home/xyq/Desktop/boom_ws/build/serial -- -j20 -l20
[0.057s] [35m[1mConsolidate compiler generated dependencies of target serial[0m
[0.074s] [ 50%] [32mBuilding CXX object CMakeFiles/serial.dir/src/serial.cpp.o[0m
[2.175s] [01m[K/home/xyq/Desktop/boom_ws/src/serial/src/serial.cpp:[m[K In constructor â€˜[01m[KSerialNode::SerialNode(const char*)[m[Kâ€™:
[2.175s] [01m[K/home/xyq/Desktop/boom_ws/src/serial/src/serial.cpp:37:32:[m[K [01;35m[Kwarning: [m[Kunused parameter â€˜[01m[Kname[m[Kâ€™ [[01;35m[K]8;;https://gcc.gnu.org/onlinedocs/gcc/Warning-Options.html#index-Wunused-parameter-Wunused-parameter]8;;[m[K]
[2.175s]    37 |         SerialNode([01;35m[Kconst char* name[m[K): Node("serial_port_node") {
[2.175s]       |                    [01;35m[K~~~~~~~~~~~~^~~~[m[K
[2.180s] [01m[K/home/xyq/Desktop/boom_ws/src/serial/src/serial.cpp:[m[K In member function â€˜[01m[Kvoid SerialNode::callback(vision_interfaces::msg::Uartf_<std::allocator<void> >::SharedPtr)[m[Kâ€™:
[2.180s] [01m[K/home/xyq/Desktop/boom_ws/src/serial/src/serial.cpp:68:17:[m[K [01;31m[Kerror: [m[Kâ€˜[01m[KSendInt[m[Kâ€™ was not declared in this scope; did you mean â€˜[01m[KSendINT[m[Kâ€™?
[2.180s]    68 |                 [01;31m[KSendInt[m[K(0x01);
[2.180s]       |                 [01;31m[K^~~~~~~[m[K
[2.180s]       |                 [32m[KSendINT[m[K
[3.559s] gmake[2]: *** [CMakeFiles/serial.dir/build.make:76ï¼šCMakeFiles/serial.dir/src/serial.cpp.o] é”™è¯¯ 1
[3.559s] gmake[1]: *** [CMakeFiles/Makefile2:137ï¼šCMakeFiles/serial.dir/all] é”™è¯¯ 2
[3.560s] gmake: *** [Makefile:146ï¼šall] é”™è¯¯ 2
[3.562s] Invoked command in '/home/xyq/Desktop/boom_ws/build/serial' returned '2': CMAKE_PREFIX_PATH=/home/xyq/Desktop/boom_ws/install/vision_interfaces:/home/xyq/Desktop/boom_ws/install/serial:/home/xyq/Desktop/boom_ws/install/resolve:/home/xyq/Desktop/boom_ws/install/hik_camera_ros2_driver:/home/xyq/Desktop/boom_ws/install/display:/opt/ros/humble LD_LIBRARY_PATH=/home/xyq/Desktop/boom_ws/install/vision_interfaces/lib:/home/xyq/env/TensorRT-10.5.0.18.Linux.x86_64-gnu.cuda-12.6/TensorRT-10.5.0.18/lib/nvonnxparser:/home/xyq/env/TensorRT-10.5.0.18.Linux.x86_64-gnu.cuda-12.6/TensorRT-10.5.0.18/lib:/home/xyq/Desktop/boom_ws/install/hik_camera_ros2_driver/lib:/opt/MVS/lib/64:/opt/MVS/lib/32:/opt/MVS/lib/64:/opt/MVS/lib/32:/home/xyq/env/TensorRT-10.5.0.18.Linux.x86_64-gnu.cuda-12.6/TensorRT-10.5.0.18/lib/nvonnxparser:/home/xyq/env/TensorRT-10.5.0.18.Linux.x86_64-gnu.cuda-12.6/TensorRT-10.5.0.18/lib:/opt/ros/humble/opt/rviz_ogre_vendor/lib:/opt/ros/humble/lib/x86_64-linux-gnu:/opt/ros/humble/lib:/opt/MVS/lib/64:/opt/MVS/lib/32:/tmp/.mount_cursoru3Lnor/usr/lib:/opt/MVS/lib/64:/opt/MVS/lib/32:/opt/MVS/lib/64:/opt/MVS/lib/32 /usr/bin/cmake --build /home/xyq/Desktop/boom_ws/build/serial -- -j20 -l20
